2022-04-16 17:37:13.055 [main] INFO  calculator.Calculator - [SUM OF 12.0 AND] 34.0
2022-04-16 17:37:13.072 [main] INFO  calculator.Calculator - [RESULT - SUM] - 46.0
2022-04-16 17:38:11.509 [main] INFO  calculator.Calculator - [MAX  OF 12.0 AND] 45.0
2022-04-16 17:38:11.510 [main] INFO  calculator.Calculator - [RESULT - MAX] - 45.0
2022-04-16 18:14:28.030 [main] INFO  calculator.Calculator - [SQ ROOT] - 3.0
2022-04-16 18:14:28.057 [main] INFO  calculator.Calculator - [RESULT - SQ ROOT] - 1.7320508075688772
2022-04-16 18:14:28.057 [main] INFO  calculator.Calculator - [SQ ROOT] - 4.0
2022-04-16 18:14:28.058 [main] INFO  calculator.Calculator - [RESULT - SQ ROOT] - 2.0
2022-04-16 18:14:28.061 [main] INFO  calculator.Calculator - [SQ ROOT] - 30.0
2022-04-16 18:14:28.064 [main] INFO  calculator.Calculator - [RESULT - SQ ROOT] - 5.477225575051661
2022-04-16 18:14:28.064 [main] INFO  calculator.Calculator - [SQ ROOT] - 47.0
2022-04-16 18:14:28.065 [main] INFO  calculator.Calculator - [RESULT - SQ ROOT] - 6.855654600401044
2022-04-16 18:14:28.075 [main] INFO  calculator.Calculator - [MIN OF 4.0 AND] 5.0
2022-04-16 18:14:28.076 [main] INFO  calculator.Calculator - [RESULT - MIN] - 5.0
2022-04-16 18:14:28.157 [main] INFO  calculator.Calculator - [MAX  OF 4.0 AND] 5.0
2022-04-16 18:14:28.166 [main] INFO  calculator.Calculator - [RESULT - MAX] - 5.0
2022-04-16 18:14:28.167 [main] INFO  calculator.Calculator - [MAX  OF 1.0 AND] 1.0
2022-04-16 18:14:28.167 [main] INFO  calculator.Calculator - [RESULT - MAX] - 1.0
2022-04-16 18:14:28.167 [main] INFO  calculator.Calculator - [MAX  OF 99.0 AND] 9.0
2022-04-16 18:14:28.167 [main] INFO  calculator.Calculator - [RESULT - MAX] - 99.0
2022-04-16 18:14:28.167 [main] INFO  calculator.Calculator - [MAX  OF 16.0 AND] 166.0
2022-04-16 18:14:28.167 [main] INFO  calculator.Calculator - [RESULT - MAX] - 166.0
2022-04-16 18:14:28.168 [main] INFO  calculator.Calculator - [SUM OF 4.0 AND] 5.0
2022-04-16 18:14:28.168 [main] INFO  calculator.Calculator - [RESULT - SUM] - 9.0
2022-04-16 18:14:28.184 [main] INFO  calculator.Calculator - [SUM OF 1.0 AND] 1.0
2022-04-16 18:14:28.185 [main] INFO  calculator.Calculator - [RESULT - SUM] - 2.0
2022-04-16 18:14:28.185 [main] INFO  calculator.Calculator - [SUM OF 99.0 AND] 9.0
2022-04-16 18:14:28.190 [main] INFO  calculator.Calculator - [RESULT - SUM] - 108.0
2022-04-16 18:14:28.190 [main] INFO  calculator.Calculator - [SUM OF 16.0 AND] 166.0
2022-04-16 18:14:28.190 [main] INFO  calculator.Calculator - [RESULT - SUM] - 182.0
2022-04-16 18:14:28.192 [main] INFO  calculator.Calculator - [NATURAL LOG] - 1.0
2022-04-16 18:14:28.192 [main] INFO  calculator.Calculator - [RESULT - NATURAL LOG] - 0.0
2022-04-16 18:14:28.211 [main] INFO  calculator.Calculator - [NATURAL LOG] - 1.0
2022-04-16 18:14:28.212 [main] INFO  calculator.Calculator - [RESULT - NATURAL LOG] - 0.0
2022-04-16 18:14:28.220 [main] INFO  calculator.Calculator - [MIN OF 4.0 AND] 5.0
2022-04-16 18:14:28.220 [main] INFO  calculator.Calculator - [RESULT - MIN] - 5.0
2022-04-16 18:14:28.245 [main] INFO  calculator.Calculator - [POWER - 2.0 RAISED TO] 2.0
2022-04-16 18:14:28.248 [main] INFO  calculator.Calculator - [RESULT - POWER] - 4.0
2022-04-16 18:14:28.248 [main] INFO  calculator.Calculator - [POWER - 2.0 RAISED TO] 3.0
2022-04-16 18:14:28.249 [main] INFO  calculator.Calculator - [RESULT - POWER] - 8.0
2022-04-16 18:14:28.249 [main] INFO  calculator.Calculator - [POWER - 2.0 RAISED TO] 8.0
2022-04-16 18:14:28.249 [main] INFO  calculator.Calculator - [RESULT - POWER] - 256.0
2022-04-16 18:14:28.253 [main] INFO  calculator.Calculator - [POWER - 2.0 RAISED TO] 3.0
2022-04-16 18:14:28.253 [main] INFO  calculator.Calculator - [RESULT - POWER] - 8.0
2022-04-16 18:14:28.257 [main] INFO  calculator.Calculator - [SUM OF 14.0 AND] 5.0
2022-04-16 18:14:28.257 [main] INFO  calculator.Calculator - [RESULT - SUM] - 19.0
2022-04-16 18:14:28.264 [main] INFO  calculator.Calculator - [SUM OF 1.0 AND] 1.0
2022-04-16 18:14:28.264 [main] INFO  calculator.Calculator - [RESULT - SUM] - 2.0
2022-04-16 18:14:28.265 [main] INFO  calculator.Calculator - [SUM OF 99.0 AND] 9.0
2022-04-16 18:14:28.280 [main] INFO  calculator.Calculator - [RESULT - SUM] - 108.0
2022-04-16 18:14:28.281 [main] INFO  calculator.Calculator - [SUM OF 16.0 AND] 0.0
2022-04-16 18:14:28.281 [main] INFO  calculator.Calculator - [RESULT - SUM] - 16.0
2022-04-16 18:14:28.282 [main] INFO  calculator.Calculator - [POWER - 2.0 RAISED TO] 3.0
2022-04-16 18:14:28.282 [main] INFO  calculator.Calculator - [RESULT - POWER] - 8.0
2022-04-16 18:14:28.283 [main] INFO  calculator.Calculator - [POWER - 4.0 RAISED TO] 3.0
2022-04-16 18:14:28.284 [main] INFO  calculator.Calculator - [RESULT - POWER] - 64.0
2022-04-16 18:14:28.285 [main] INFO  calculator.Calculator - [POWER - 2.0 RAISED TO] 4.0
2022-04-16 18:14:28.285 [main] INFO  calculator.Calculator - [RESULT - POWER] - 16.0
2022-04-16 18:14:28.285 [main] INFO  calculator.Calculator - [POWER - 4.0 RAISED TO] 2.0
2022-04-16 18:14:28.285 [main] INFO  calculator.Calculator - [RESULT - POWER] - 16.0
2022-04-16 18:14:28.293 [main] INFO  calculator.Calculator - [NATURAL LOG] - 2.4
2022-04-16 18:14:28.294 [main] INFO  calculator.Calculator - [RESULT - NATURAL LOG] - 0.8754687373538999
2022-04-16 18:14:28.294 [main] INFO  calculator.Calculator - [NATURAL LOG] - 2.1
2022-04-16 18:14:28.294 [main] INFO  calculator.Calculator - [RESULT - NATURAL LOG] - 0.7419373447293773
2022-04-16 18:14:28.294 [main] INFO  calculator.Calculator - [NATURAL LOG] - 2.1
2022-04-16 18:14:28.294 [main] INFO  calculator.Calculator - [RESULT - NATURAL LOG] - 0.7419373447293773
2022-04-16 18:14:28.294 [main] INFO  calculator.Calculator - [NATURAL LOG] - 290.1
2022-04-16 18:14:28.294 [main] INFO  calculator.Calculator - [RESULT - NATURAL LOG] - 5.670225691127358
2022-04-16 18:14:28.295 [main] INFO  calculator.Calculator - [MAX  OF 4.0 AND] 5.0
2022-04-16 18:14:28.295 [main] INFO  calculator.Calculator - [RESULT - MAX] - 5.0
2022-04-16 18:14:28.295 [main] INFO  calculator.Calculator - [MAX  OF 1.0 AND] 1.0
2022-04-16 18:14:28.295 [main] INFO  calculator.Calculator - [RESULT - MAX] - 1.0
2022-04-16 18:14:28.295 [main] INFO  calculator.Calculator - [MAX  OF 99.0 AND] 9.0
2022-04-16 18:14:28.295 [main] INFO  calculator.Calculator - [RESULT - MAX] - 99.0
2022-04-16 18:14:28.296 [main] INFO  calculator.Calculator - [MAX  OF 16.0 AND] 166.0
2022-04-16 18:14:28.296 [main] INFO  calculator.Calculator - [RESULT - MAX] - 166.0
2022-04-16 18:14:28.296 [main] INFO  calculator.Calculator - [SQ ROOT] - 4.0
2022-04-16 18:14:28.296 [main] INFO  calculator.Calculator - [RESULT - SQ ROOT] - 2.0
2022-04-16 18:14:28.296 [main] INFO  calculator.Calculator - [SQ ROOT] - 1.0
2022-04-16 18:14:28.296 [main] INFO  calculator.Calculator - [RESULT - SQ ROOT] - 1.0
2022-04-16 18:14:28.296 [main] INFO  calculator.Calculator - [SQ ROOT] - 9.0
2022-04-16 18:14:28.297 [main] INFO  calculator.Calculator - [RESULT - SQ ROOT] - 3.0
2022-04-16 18:14:28.297 [main] INFO  calculator.Calculator - [SQ ROOT] - 16.0
2022-04-16 18:14:28.297 [main] INFO  calculator.Calculator - [RESULT - SQ ROOT] - 4.0
2022-04-16 18:19:15.625 [main] INFO  calculator.Calculator - [SQ ROOT] - 3.0
2022-04-16 18:19:15.662 [main] INFO  calculator.Calculator - [RESULT - SQ ROOT] - 1.7320508075688772
2022-04-16 18:19:15.673 [main] INFO  calculator.Calculator - [SQ ROOT] - 4.0
2022-04-16 18:19:15.677 [main] INFO  calculator.Calculator - [RESULT - SQ ROOT] - 2.0
2022-04-16 18:19:15.677 [main] INFO  calculator.Calculator - [SQ ROOT] - 30.0
2022-04-16 18:19:15.677 [main] INFO  calculator.Calculator - [RESULT - SQ ROOT] - 5.477225575051661
2022-04-16 18:19:15.678 [main] INFO  calculator.Calculator - [SQ ROOT] - 47.0
2022-04-16 18:19:15.679 [main] INFO  calculator.Calculator - [RESULT - SQ ROOT] - 6.855654600401044
2022-04-16 18:19:15.704 [main] INFO  calculator.Calculator - [MIN OF 14.0 AND] 5.0
2022-04-16 18:19:15.704 [main] INFO  calculator.Calculator - [RESULT - MIN] - 14.0
2022-04-16 18:19:15.746 [main] INFO  calculator.Calculator - [MAX  OF 4.0 AND] 5.0
2022-04-16 18:19:15.756 [main] INFO  calculator.Calculator - [RESULT - MAX] - 5.0
2022-04-16 18:19:15.760 [main] INFO  calculator.Calculator - [MAX  OF 1.0 AND] 1.0
2022-04-16 18:19:15.760 [main] INFO  calculator.Calculator - [RESULT - MAX] - 1.0
2022-04-16 18:19:15.760 [main] INFO  calculator.Calculator - [MAX  OF 99.0 AND] 9.0
2022-04-16 18:19:15.766 [main] INFO  calculator.Calculator - [RESULT - MAX] - 99.0
2022-04-16 18:19:15.766 [main] INFO  calculator.Calculator - [MAX  OF 16.0 AND] 166.0
2022-04-16 18:19:15.766 [main] INFO  calculator.Calculator - [RESULT - MAX] - 166.0
2022-04-16 18:19:15.767 [main] INFO  calculator.Calculator - [SUM OF 4.0 AND] 5.0
2022-04-16 18:19:15.767 [main] INFO  calculator.Calculator - [RESULT - SUM] - 9.0
2022-04-16 18:19:15.768 [main] INFO  calculator.Calculator - [SUM OF 1.0 AND] 1.0
2022-04-16 18:19:15.768 [main] INFO  calculator.Calculator - [RESULT - SUM] - 2.0
2022-04-16 18:19:15.768 [main] INFO  calculator.Calculator - [SUM OF 99.0 AND] 9.0
2022-04-16 18:19:15.769 [main] INFO  calculator.Calculator - [RESULT - SUM] - 108.0
2022-04-16 18:19:15.769 [main] INFO  calculator.Calculator - [SUM OF 16.0 AND] 166.0
2022-04-16 18:19:15.769 [main] INFO  calculator.Calculator - [RESULT - SUM] - 182.0
2022-04-16 18:19:15.772 [main] INFO  calculator.Calculator - [NATURAL LOG] - 1.0
2022-04-16 18:19:15.772 [main] INFO  calculator.Calculator - [RESULT - NATURAL LOG] - 0.0
2022-04-16 18:19:15.772 [main] INFO  calculator.Calculator - [NATURAL LOG] - 1.0
2022-04-16 18:19:15.779 [main] INFO  calculator.Calculator - [RESULT - NATURAL LOG] - 0.0
2022-04-16 18:19:15.780 [main] INFO  calculator.Calculator - [MIN OF 4.0 AND] 5.0
2022-04-16 18:19:15.780 [main] INFO  calculator.Calculator - [RESULT - MIN] - 5.0
2022-04-16 18:19:15.805 [main] INFO  calculator.Calculator - [POWER - 2.0 RAISED TO] 2.0
2022-04-16 18:19:15.805 [main] INFO  calculator.Calculator - [RESULT - POWER] - 4.0
2022-04-16 18:19:15.805 [main] INFO  calculator.Calculator - [POWER - 2.0 RAISED TO] 3.0
2022-04-16 18:19:15.806 [main] INFO  calculator.Calculator - [RESULT - POWER] - 8.0
2022-04-16 18:19:15.806 [main] INFO  calculator.Calculator - [POWER - 2.0 RAISED TO] 8.0
2022-04-16 18:19:15.806 [main] INFO  calculator.Calculator - [RESULT - POWER] - 256.0
2022-04-16 18:19:15.807 [main] INFO  calculator.Calculator - [POWER - 2.0 RAISED TO] 3.0
2022-04-16 18:19:15.816 [main] INFO  calculator.Calculator - [RESULT - POWER] - 8.0
2022-04-16 18:19:15.818 [main] INFO  calculator.Calculator - [SUM OF 14.0 AND] 5.0
2022-04-16 18:19:15.818 [main] INFO  calculator.Calculator - [RESULT - SUM] - 19.0
2022-04-16 18:19:15.821 [main] INFO  calculator.Calculator - [SUM OF 1.0 AND] 1.0
2022-04-16 18:19:15.822 [main] INFO  calculator.Calculator - [RESULT - SUM] - 2.0
2022-04-16 18:19:15.822 [main] INFO  calculator.Calculator - [SUM OF 99.0 AND] 9.0
2022-04-16 18:19:15.827 [main] INFO  calculator.Calculator - [RESULT - SUM] - 108.0
2022-04-16 18:19:15.827 [main] INFO  calculator.Calculator - [SUM OF 16.0 AND] 0.0
2022-04-16 18:19:15.827 [main] INFO  calculator.Calculator - [RESULT - SUM] - 16.0
2022-04-16 18:19:15.828 [main] INFO  calculator.Calculator - [POWER - 2.0 RAISED TO] 3.0
2022-04-16 18:19:15.829 [main] INFO  calculator.Calculator - [RESULT - POWER] - 8.0
2022-04-16 18:19:15.829 [main] INFO  calculator.Calculator - [POWER - 4.0 RAISED TO] 3.0
2022-04-16 18:19:15.830 [main] INFO  calculator.Calculator - [RESULT - POWER] - 64.0
2022-04-16 18:19:15.830 [main] INFO  calculator.Calculator - [POWER - 2.0 RAISED TO] 4.0
2022-04-16 18:19:15.830 [main] INFO  calculator.Calculator - [RESULT - POWER] - 16.0
2022-04-16 18:19:15.831 [main] INFO  calculator.Calculator - [POWER - 4.0 RAISED TO] 2.0
2022-04-16 18:19:15.832 [main] INFO  calculator.Calculator - [RESULT - POWER] - 16.0
2022-04-16 18:19:15.837 [main] INFO  calculator.Calculator - [NATURAL LOG] - 2.4
2022-04-16 18:19:15.837 [main] INFO  calculator.Calculator - [RESULT - NATURAL LOG] - 0.8754687373538999
2022-04-16 18:19:15.837 [main] INFO  calculator.Calculator - [NATURAL LOG] - 2.1
2022-04-16 18:19:15.846 [main] INFO  calculator.Calculator - [RESULT - NATURAL LOG] - 0.7419373447293773
2022-04-16 18:19:15.846 [main] INFO  calculator.Calculator - [NATURAL LOG] - 2.1
2022-04-16 18:19:15.847 [main] INFO  calculator.Calculator - [RESULT - NATURAL LOG] - 0.7419373447293773
2022-04-16 18:19:15.847 [main] INFO  calculator.Calculator - [NATURAL LOG] - 290.1
2022-04-16 18:19:15.863 [main] INFO  calculator.Calculator - [RESULT - NATURAL LOG] - 5.670225691127358
2022-04-16 18:19:15.864 [main] INFO  calculator.Calculator - [MAX  OF 4.0 AND] 5.0
2022-04-16 18:19:15.864 [main] INFO  calculator.Calculator - [RESULT - MAX] - 5.0
2022-04-16 18:19:15.864 [main] INFO  calculator.Calculator - [MAX  OF 1.0 AND] 1.0
2022-04-16 18:19:15.864 [main] INFO  calculator.Calculator - [RESULT - MAX] - 1.0
2022-04-16 18:19:15.864 [main] INFO  calculator.Calculator - [MAX  OF 99.0 AND] 9.0
2022-04-16 18:19:15.864 [main] INFO  calculator.Calculator - [RESULT - MAX] - 99.0
2022-04-16 18:19:15.864 [main] INFO  calculator.Calculator - [MAX  OF 16.0 AND] 166.0
2022-04-16 18:19:15.864 [main] INFO  calculator.Calculator - [RESULT - MAX] - 166.0
2022-04-16 18:19:15.865 [main] INFO  calculator.Calculator - [SQ ROOT] - 4.0
2022-04-16 18:19:15.865 [main] INFO  calculator.Calculator - [RESULT - SQ ROOT] - 2.0
2022-04-16 18:19:15.865 [main] INFO  calculator.Calculator - [SQ ROOT] - 1.0
2022-04-16 18:19:15.865 [main] INFO  calculator.Calculator - [RESULT - SQ ROOT] - 1.0
2022-04-16 18:19:15.865 [main] INFO  calculator.Calculator - [SQ ROOT] - 9.0
2022-04-16 18:19:15.865 [main] INFO  calculator.Calculator - [RESULT - SQ ROOT] - 3.0
2022-04-16 18:19:15.866 [main] INFO  calculator.Calculator - [SQ ROOT] - 16.0
2022-04-16 18:19:15.866 [main] INFO  calculator.Calculator - [RESULT - SQ ROOT] - 4.0
2022-04-16 18:21:22.939 [main] INFO  calculator.Calculator - [SQ ROOT] - 3.0
2022-04-16 18:21:22.953 [main] INFO  calculator.Calculator - [RESULT - SQ ROOT] - 1.7320508075688772
2022-04-16 18:21:22.956 [main] INFO  calculator.Calculator - [SQ ROOT] - 4.0
2022-04-16 18:21:22.957 [main] INFO  calculator.Calculator - [RESULT - SQ ROOT] - 2.0
2022-04-16 18:21:22.957 [main] INFO  calculator.Calculator - [SQ ROOT] - 30.0
2022-04-16 18:21:22.957 [main] INFO  calculator.Calculator - [RESULT - SQ ROOT] - 5.477225575051661
2022-04-16 18:21:22.958 [main] INFO  calculator.Calculator - [SQ ROOT] - 47.0
2022-04-16 18:21:22.958 [main] INFO  calculator.Calculator - [RESULT - SQ ROOT] - 6.855654600401044
2022-04-16 18:21:22.975 [main] INFO  calculator.Calculator - [MIN OF 14.0 AND] 5.0
2022-04-16 18:21:22.978 [main] INFO  calculator.Calculator - [RESULT - MIN] - 5.0
2022-04-16 18:21:22.992 [main] INFO  calculator.Calculator - [MIN OF 1.0 AND] 1.0
2022-04-16 18:21:23.002 [main] INFO  calculator.Calculator - [RESULT - MIN] - 1.0
2022-04-16 18:21:23.003 [main] INFO  calculator.Calculator - [MIN OF 99.0 AND] 9.0
2022-04-16 18:21:23.003 [main] INFO  calculator.Calculator - [RESULT - MIN] - 9.0
2022-04-16 18:21:23.003 [main] INFO  calculator.Calculator - [MIN OF 16.0 AND] 166.0
2022-04-16 18:21:23.004 [main] INFO  calculator.Calculator - [RESULT - MIN] - 16.0
2022-04-16 18:21:23.032 [main] INFO  calculator.Calculator - [MAX  OF 4.0 AND] 5.0
2022-04-16 18:21:23.032 [main] INFO  calculator.Calculator - [RESULT - MAX] - 5.0
2022-04-16 18:21:23.038 [main] INFO  calculator.Calculator - [MAX  OF 1.0 AND] 1.0
2022-04-16 18:21:23.040 [main] INFO  calculator.Calculator - [RESULT - MAX] - 1.0
2022-04-16 18:21:23.041 [main] INFO  calculator.Calculator - [MAX  OF 99.0 AND] 9.0
2022-04-16 18:21:23.042 [main] INFO  calculator.Calculator - [RESULT - MAX] - 99.0
2022-04-16 18:21:23.044 [main] INFO  calculator.Calculator - [MAX  OF 16.0 AND] 166.0
2022-04-16 18:21:23.045 [main] INFO  calculator.Calculator - [RESULT - MAX] - 166.0
2022-04-16 18:21:23.056 [main] INFO  calculator.Calculator - [SUM OF 4.0 AND] 5.0
2022-04-16 18:21:23.057 [main] INFO  calculator.Calculator - [RESULT - SUM] - 9.0
2022-04-16 18:21:23.058 [main] INFO  calculator.Calculator - [SUM OF 1.0 AND] 1.0
2022-04-16 18:21:23.059 [main] INFO  calculator.Calculator - [RESULT - SUM] - 2.0
2022-04-16 18:21:23.061 [main] INFO  calculator.Calculator - [SUM OF 99.0 AND] 9.0
2022-04-16 18:21:23.067 [main] INFO  calculator.Calculator - [RESULT - SUM] - 108.0
2022-04-16 18:21:23.071 [main] INFO  calculator.Calculator - [SUM OF 16.0 AND] 166.0
2022-04-16 18:21:23.071 [main] INFO  calculator.Calculator - [RESULT - SUM] - 182.0
2022-04-16 18:21:23.078 [main] INFO  calculator.Calculator - [NATURAL LOG] - 1.0
2022-04-16 18:21:23.078 [main] INFO  calculator.Calculator - [RESULT - NATURAL LOG] - 0.0
2022-04-16 18:21:23.079 [main] INFO  calculator.Calculator - [NATURAL LOG] - 1.0
2022-04-16 18:21:23.089 [main] INFO  calculator.Calculator - [RESULT - NATURAL LOG] - 0.0
2022-04-16 18:21:23.114 [main] INFO  calculator.Calculator - [MIN OF 4.0 AND] 5.0
2022-04-16 18:21:23.118 [main] INFO  calculator.Calculator - [RESULT - MIN] - 4.0
2022-04-16 18:21:23.118 [main] INFO  calculator.Calculator - [MIN OF 1.0 AND] 1.0
2022-04-16 18:21:23.118 [main] INFO  calculator.Calculator - [RESULT - MIN] - 1.0
2022-04-16 18:21:23.119 [main] INFO  calculator.Calculator - [MIN OF 99.0 AND] 9.0
2022-04-16 18:21:23.119 [main] INFO  calculator.Calculator - [RESULT - MIN] - 9.0
2022-04-16 18:21:23.121 [main] INFO  calculator.Calculator - [MIN OF 16.0 AND] 166.0
2022-04-16 18:21:23.122 [main] INFO  calculator.Calculator - [RESULT - MIN] - 16.0
2022-04-16 18:21:23.185 [main] INFO  calculator.Calculator - [POWER - 2.0 RAISED TO] 2.0
2022-04-16 18:21:23.185 [main] INFO  calculator.Calculator - [RESULT - POWER] - 4.0
2022-04-16 18:21:23.186 [main] INFO  calculator.Calculator - [POWER - 2.0 RAISED TO] 3.0
2022-04-16 18:21:23.188 [main] INFO  calculator.Calculator - [RESULT - POWER] - 8.0
2022-04-16 18:21:23.202 [main] INFO  calculator.Calculator - [POWER - 2.0 RAISED TO] 8.0
2022-04-16 18:21:23.207 [main] INFO  calculator.Calculator - [RESULT - POWER] - 256.0
2022-04-16 18:21:23.208 [main] INFO  calculator.Calculator - [POWER - 2.0 RAISED TO] 3.0
2022-04-16 18:21:23.209 [main] INFO  calculator.Calculator - [RESULT - POWER] - 8.0
2022-04-16 18:21:23.212 [main] INFO  calculator.Calculator - [SUM OF 14.0 AND] 5.0
2022-04-16 18:21:23.221 [main] INFO  calculator.Calculator - [RESULT - SUM] - 19.0
2022-04-16 18:21:23.228 [main] INFO  calculator.Calculator - [SUM OF 1.0 AND] 1.0
2022-04-16 18:21:23.233 [main] INFO  calculator.Calculator - [RESULT - SUM] - 2.0
2022-04-16 18:21:23.234 [main] INFO  calculator.Calculator - [SUM OF 99.0 AND] 9.0
2022-04-16 18:21:23.241 [main] INFO  calculator.Calculator - [RESULT - SUM] - 108.0
2022-04-16 18:21:23.248 [main] INFO  calculator.Calculator - [SUM OF 16.0 AND] 0.0
2022-04-16 18:21:23.248 [main] INFO  calculator.Calculator - [RESULT - SUM] - 16.0
2022-04-16 18:21:23.256 [main] INFO  calculator.Calculator - [POWER - 2.0 RAISED TO] 3.0
2022-04-16 18:21:23.256 [main] INFO  calculator.Calculator - [RESULT - POWER] - 8.0
2022-04-16 18:21:23.263 [main] INFO  calculator.Calculator - [POWER - 4.0 RAISED TO] 3.0
2022-04-16 18:21:23.264 [main] INFO  calculator.Calculator - [RESULT - POWER] - 64.0
2022-04-16 18:21:23.270 [main] INFO  calculator.Calculator - [POWER - 2.0 RAISED TO] 4.0
2022-04-16 18:21:23.271 [main] INFO  calculator.Calculator - [RESULT - POWER] - 16.0
2022-04-16 18:21:23.275 [main] INFO  calculator.Calculator - [POWER - 4.0 RAISED TO] 2.0
2022-04-16 18:21:23.277 [main] INFO  calculator.Calculator - [RESULT - POWER] - 16.0
2022-04-16 18:21:23.301 [main] INFO  calculator.Calculator - [NATURAL LOG] - 2.4
2022-04-16 18:21:23.302 [main] INFO  calculator.Calculator - [RESULT - NATURAL LOG] - 0.8754687373538999
2022-04-16 18:21:23.302 [main] INFO  calculator.Calculator - [NATURAL LOG] - 2.1
2022-04-16 18:21:23.309 [main] INFO  calculator.Calculator - [RESULT - NATURAL LOG] - 0.7419373447293773
2022-04-16 18:21:23.314 [main] INFO  calculator.Calculator - [NATURAL LOG] - 2.1
2022-04-16 18:21:23.318 [main] INFO  calculator.Calculator - [RESULT - NATURAL LOG] - 0.7419373447293773
2022-04-16 18:21:23.318 [main] INFO  calculator.Calculator - [NATURAL LOG] - 290.1
2022-04-16 18:21:23.321 [main] INFO  calculator.Calculator - [RESULT - NATURAL LOG] - 5.670225691127358
2022-04-16 18:21:23.327 [main] INFO  calculator.Calculator - [MAX  OF 4.0 AND] 5.0
2022-04-16 18:21:23.328 [main] INFO  calculator.Calculator - [RESULT - MAX] - 5.0
2022-04-16 18:21:23.328 [main] INFO  calculator.Calculator - [MAX  OF 1.0 AND] 1.0
2022-04-16 18:21:23.329 [main] INFO  calculator.Calculator - [RESULT - MAX] - 1.0
2022-04-16 18:21:23.335 [main] INFO  calculator.Calculator - [MAX  OF 99.0 AND] 9.0
2022-04-16 18:21:23.336 [main] INFO  calculator.Calculator - [RESULT - MAX] - 99.0
2022-04-16 18:21:23.351 [main] INFO  calculator.Calculator - [MAX  OF 16.0 AND] 166.0
2022-04-16 18:21:23.352 [main] INFO  calculator.Calculator - [RESULT - MAX] - 166.0
2022-04-16 18:21:23.354 [main] INFO  calculator.Calculator - [SQ ROOT] - 4.0
2022-04-16 18:21:23.354 [main] INFO  calculator.Calculator - [RESULT - SQ ROOT] - 2.0
2022-04-16 18:21:23.356 [main] INFO  calculator.Calculator - [SQ ROOT] - 1.0
2022-04-16 18:21:23.357 [main] INFO  calculator.Calculator - [RESULT - SQ ROOT] - 1.0
2022-04-16 18:21:23.357 [main] INFO  calculator.Calculator - [SQ ROOT] - 9.0
2022-04-16 18:21:23.358 [main] INFO  calculator.Calculator - [RESULT - SQ ROOT] - 3.0
2022-04-16 18:21:23.358 [main] INFO  calculator.Calculator - [SQ ROOT] - 16.0
2022-04-16 18:21:23.358 [main] INFO  calculator.Calculator - [RESULT - SQ ROOT] - 4.0
2022-04-16 18:22:09.380 [main] INFO  calculator.Calculator - [SQ ROOT] - 3.0
2022-04-16 18:22:09.395 [main] INFO  calculator.Calculator - [RESULT - SQ ROOT] - 1.7320508075688772
2022-04-16 18:22:09.396 [main] INFO  calculator.Calculator - [SQ ROOT] - 4.0
2022-04-16 18:22:09.396 [main] INFO  calculator.Calculator - [RESULT - SQ ROOT] - 2.0
2022-04-16 18:22:09.396 [main] INFO  calculator.Calculator - [SQ ROOT] - 30.0
2022-04-16 18:22:09.397 [main] INFO  calculator.Calculator - [RESULT - SQ ROOT] - 5.477225575051661
2022-04-16 18:22:09.397 [main] INFO  calculator.Calculator - [SQ ROOT] - 47.0
2022-04-16 18:22:09.398 [main] INFO  calculator.Calculator - [RESULT - SQ ROOT] - 6.855654600401044
2022-04-16 18:22:09.404 [main] INFO  calculator.Calculator - [MIN OF 14.0 AND] 5.0
2022-04-16 18:22:09.404 [main] INFO  calculator.Calculator - [RESULT - MIN] - 5.0
2022-04-16 18:22:09.404 [main] INFO  calculator.Calculator - [MIN OF 1.0 AND] 1.0
2022-04-16 18:22:09.407 [main] INFO  calculator.Calculator - [RESULT - MIN] - 1.0
2022-04-16 18:22:09.408 [main] INFO  calculator.Calculator - [MIN OF 99.0 AND] 9.0
2022-04-16 18:22:09.409 [main] INFO  calculator.Calculator - [RESULT - MIN] - 9.0
2022-04-16 18:22:09.413 [main] INFO  calculator.Calculator - [MIN OF 16.0 AND] 166.0
2022-04-16 18:22:09.429 [main] INFO  calculator.Calculator - [RESULT - MIN] - 16.0
2022-04-16 18:22:09.433 [main] INFO  calculator.Calculator - [MAX  OF 4.0 AND] 5.0
2022-04-16 18:22:09.441 [main] INFO  calculator.Calculator - [RESULT - MAX] - 5.0
2022-04-16 18:22:09.441 [main] INFO  calculator.Calculator - [MAX  OF 1.0 AND] 1.0
2022-04-16 18:22:09.443 [main] INFO  calculator.Calculator - [RESULT - MAX] - 1.0
2022-04-16 18:22:09.443 [main] INFO  calculator.Calculator - [MAX  OF 99.0 AND] 9.0
2022-04-16 18:22:09.444 [main] INFO  calculator.Calculator - [RESULT - MAX] - 99.0
2022-04-16 18:22:09.447 [main] INFO  calculator.Calculator - [MAX  OF 16.0 AND] 166.0
2022-04-16 18:22:09.448 [main] INFO  calculator.Calculator - [RESULT - MAX] - 166.0
2022-04-16 18:22:09.457 [main] INFO  calculator.Calculator - [SUM OF 4.0 AND] 5.0
2022-04-16 18:22:09.461 [main] INFO  calculator.Calculator - [RESULT - SUM] - 9.0
2022-04-16 18:22:09.462 [main] INFO  calculator.Calculator - [SUM OF 1.0 AND] 1.0
2022-04-16 18:22:09.467 [main] INFO  calculator.Calculator - [RESULT - SUM] - 2.0
2022-04-16 18:22:09.468 [main] INFO  calculator.Calculator - [SUM OF 99.0 AND] 9.0
2022-04-16 18:22:09.472 [main] INFO  calculator.Calculator - [RESULT - SUM] - 108.0
2022-04-16 18:22:09.475 [main] INFO  calculator.Calculator - [SUM OF 16.0 AND] 166.0
2022-04-16 18:22:09.476 [main] INFO  calculator.Calculator - [RESULT - SUM] - 182.0
2022-04-16 18:22:09.506 [main] INFO  calculator.Calculator - [NATURAL LOG] - 1.0
2022-04-16 18:22:09.509 [main] INFO  calculator.Calculator - [RESULT - NATURAL LOG] - 0.0
2022-04-16 18:22:09.509 [main] INFO  calculator.Calculator - [NATURAL LOG] - 1.0
2022-04-16 18:22:09.511 [main] INFO  calculator.Calculator - [RESULT - NATURAL LOG] - 0.0
2022-04-16 18:22:09.531 [main] INFO  calculator.Calculator - [MIN OF 4.0 AND] 5.0
2022-04-16 18:22:09.531 [main] INFO  calculator.Calculator - [RESULT - MIN] - 4.0
2022-04-16 18:22:09.534 [main] INFO  calculator.Calculator - [MIN OF 1.0 AND] 1.0
2022-04-16 18:22:09.534 [main] INFO  calculator.Calculator - [RESULT - MIN] - 1.0
2022-04-16 18:22:09.538 [main] INFO  calculator.Calculator - [MIN OF 99.0 AND] 9.0
2022-04-16 18:22:09.539 [main] INFO  calculator.Calculator - [RESULT - MIN] - 9.0
2022-04-16 18:22:09.541 [main] INFO  calculator.Calculator - [MIN OF 16.0 AND] 166.0
2022-04-16 18:22:09.542 [main] INFO  calculator.Calculator - [RESULT - MIN] - 16.0
2022-04-16 18:22:09.553 [main] INFO  calculator.Calculator - [POWER - 2.0 RAISED TO] 2.0
2022-04-16 18:22:09.555 [main] INFO  calculator.Calculator - [RESULT - POWER] - 4.0
2022-04-16 18:22:09.561 [main] INFO  calculator.Calculator - [POWER - 2.0 RAISED TO] 3.0
2022-04-16 18:22:09.561 [main] INFO  calculator.Calculator - [RESULT - POWER] - 8.0
2022-04-16 18:22:09.561 [main] INFO  calculator.Calculator - [POWER - 2.0 RAISED TO] 8.0
2022-04-16 18:22:09.564 [main] INFO  calculator.Calculator - [RESULT - POWER] - 256.0
2022-04-16 18:22:09.565 [main] INFO  calculator.Calculator - [POWER - 2.0 RAISED TO] 3.0
2022-04-16 18:22:09.569 [main] INFO  calculator.Calculator - [RESULT - POWER] - 8.0
2022-04-16 18:22:09.579 [main] INFO  calculator.Calculator - [SUM OF 14.0 AND] 5.0
2022-04-16 18:22:09.580 [main] INFO  calculator.Calculator - [RESULT - SUM] - 19.0
2022-04-16 18:22:09.581 [main] INFO  calculator.Calculator - [SUM OF 1.0 AND] 1.0
2022-04-16 18:22:09.595 [main] INFO  calculator.Calculator - [RESULT - SUM] - 2.0
2022-04-16 18:22:09.598 [main] INFO  calculator.Calculator - [SUM OF 99.0 AND] 9.0
2022-04-16 18:22:09.602 [main] INFO  calculator.Calculator - [RESULT - SUM] - 108.0
2022-04-16 18:22:09.602 [main] INFO  calculator.Calculator - [SUM OF 16.0 AND] 0.0
2022-04-16 18:22:09.606 [main] INFO  calculator.Calculator - [RESULT - SUM] - 16.0
2022-04-16 18:22:09.619 [main] INFO  calculator.Calculator - [POWER - 2.0 RAISED TO] 3.0
2022-04-16 18:22:09.622 [main] INFO  calculator.Calculator - [RESULT - POWER] - 8.0
2022-04-16 18:22:09.625 [main] INFO  calculator.Calculator - [POWER - 4.0 RAISED TO] 3.0
2022-04-16 18:22:09.631 [main] INFO  calculator.Calculator - [RESULT - POWER] - 64.0
2022-04-16 18:22:09.639 [main] INFO  calculator.Calculator - [POWER - 2.0 RAISED TO] 4.0
2022-04-16 18:22:09.640 [main] INFO  calculator.Calculator - [RESULT - POWER] - 16.0
2022-04-16 18:22:09.644 [main] INFO  calculator.Calculator - [POWER - 4.0 RAISED TO] 2.0
2022-04-16 18:22:09.648 [main] INFO  calculator.Calculator - [RESULT - POWER] - 16.0
2022-04-16 18:22:09.661 [main] INFO  calculator.Calculator - [NATURAL LOG] - 2.4
2022-04-16 18:22:09.663 [main] INFO  calculator.Calculator - [RESULT - NATURAL LOG] - 0.8754687373538999
2022-04-16 18:22:09.665 [main] INFO  calculator.Calculator - [NATURAL LOG] - 2.1
2022-04-16 18:22:09.665 [main] INFO  calculator.Calculator - [RESULT - NATURAL LOG] - 0.7419373447293773
2022-04-16 18:22:09.665 [main] INFO  calculator.Calculator - [NATURAL LOG] - 2.1
2022-04-16 18:22:09.666 [main] INFO  calculator.Calculator - [RESULT - NATURAL LOG] - 0.7419373447293773
2022-04-16 18:22:09.667 [main] INFO  calculator.Calculator - [NATURAL LOG] - 290.1
2022-04-16 18:22:09.671 [main] INFO  calculator.Calculator - [RESULT - NATURAL LOG] - 5.670225691127358
2022-04-16 18:22:09.678 [main] INFO  calculator.Calculator - [MAX  OF 4.0 AND] 5.0
2022-04-16 18:22:09.679 [main] INFO  calculator.Calculator - [RESULT - MAX] - 5.0
2022-04-16 18:22:09.688 [main] INFO  calculator.Calculator - [MAX  OF 1.0 AND] 1.0
2022-04-16 18:22:09.691 [main] INFO  calculator.Calculator - [RESULT - MAX] - 1.0
2022-04-16 18:22:09.691 [main] INFO  calculator.Calculator - [MAX  OF 99.0 AND] 9.0
2022-04-16 18:22:09.691 [main] INFO  calculator.Calculator - [RESULT - MAX] - 99.0
2022-04-16 18:22:09.694 [main] INFO  calculator.Calculator - [MAX  OF 16.0 AND] 166.0
2022-04-16 18:22:09.702 [main] INFO  calculator.Calculator - [RESULT - MAX] - 166.0
2022-04-16 18:22:09.712 [main] INFO  calculator.Calculator - [SQ ROOT] - 4.0
2022-04-16 18:22:09.712 [main] INFO  calculator.Calculator - [RESULT - SQ ROOT] - 2.0
2022-04-16 18:22:09.713 [main] INFO  calculator.Calculator - [SQ ROOT] - 1.0
2022-04-16 18:22:09.714 [main] INFO  calculator.Calculator - [RESULT - SQ ROOT] - 1.0
2022-04-16 18:22:09.722 [main] INFO  calculator.Calculator - [SQ ROOT] - 9.0
2022-04-16 18:22:09.722 [main] INFO  calculator.Calculator - [RESULT - SQ ROOT] - 3.0
2022-04-16 18:22:09.723 [main] INFO  calculator.Calculator - [SQ ROOT] - 16.0
2022-04-16 18:22:09.724 [main] INFO  calculator.Calculator - [RESULT - SQ ROOT] - 4.0
2022-04-16 18:24:00.776 [main] INFO  calculator.Calculator - [SQ ROOT] - 3.0
2022-04-16 18:24:00.812 [main] INFO  calculator.Calculator - [RESULT - SQ ROOT] - 1.7320508075688772
2022-04-16 18:24:00.822 [main] INFO  calculator.Calculator - [SQ ROOT] - 4.0
2022-04-16 18:24:00.823 [main] INFO  calculator.Calculator - [RESULT - SQ ROOT] - 2.0
2022-04-16 18:24:00.823 [main] INFO  calculator.Calculator - [SQ ROOT] - 30.0
2022-04-16 18:24:00.823 [main] INFO  calculator.Calculator - [RESULT - SQ ROOT] - 5.477225575051661
2022-04-16 18:24:00.826 [main] INFO  calculator.Calculator - [SQ ROOT] - 47.0
2022-04-16 18:24:00.830 [main] INFO  calculator.Calculator - [RESULT - SQ ROOT] - 6.855654600401044
2022-04-16 18:24:00.845 [main] INFO  calculator.Calculator - [MIN OF 14.0 AND] 5.0
2022-04-16 18:24:00.845 [main] INFO  calculator.Calculator - [RESULT - MIN] - 5.0
2022-04-16 18:24:00.851 [main] INFO  calculator.Calculator - [MIN OF 1.0 AND] 1.0
2022-04-16 18:24:00.863 [main] INFO  calculator.Calculator - [RESULT - MIN] - 1.0
2022-04-16 18:24:00.864 [main] INFO  calculator.Calculator - [MIN OF 99.0 AND] 9.0
2022-04-16 18:24:00.866 [main] INFO  calculator.Calculator - [RESULT - MIN] - 9.0
2022-04-16 18:24:00.866 [main] INFO  calculator.Calculator - [MIN OF 16.0 AND] 166.0
2022-04-16 18:24:00.872 [main] INFO  calculator.Calculator - [RESULT - MIN] - 16.0
2022-04-16 18:24:00.881 [main] INFO  calculator.Calculator - [MAX  OF 4.0 AND] 5.0
2022-04-16 18:24:00.881 [main] INFO  calculator.Calculator - [RESULT - MAX] - 5.0
2022-04-16 18:24:00.884 [main] INFO  calculator.Calculator - [MAX  OF 1.0 AND] 1.0
2022-04-16 18:24:00.888 [main] INFO  calculator.Calculator - [RESULT - MAX] - 1.0
2022-04-16 18:24:00.889 [main] INFO  calculator.Calculator - [MAX  OF 99.0 AND] 9.0
2022-04-16 18:24:00.900 [main] INFO  calculator.Calculator - [RESULT - MAX] - 99.0
2022-04-16 18:24:00.901 [main] INFO  calculator.Calculator - [MAX  OF 16.0 AND] 166.0
2022-04-16 18:24:00.906 [main] INFO  calculator.Calculator - [RESULT - MAX] - 166.0
2022-04-16 18:24:00.922 [main] INFO  calculator.Calculator - [SUM OF 4.0 AND] 5.0
2022-04-16 18:24:00.923 [main] INFO  calculator.Calculator - [RESULT - SUM] - 9.0
2022-04-16 18:24:00.927 [main] INFO  calculator.Calculator - [SUM OF 1.0 AND] 1.0
2022-04-16 18:24:00.929 [main] INFO  calculator.Calculator - [RESULT - SUM] - 2.0
2022-04-16 18:24:00.935 [main] INFO  calculator.Calculator - [SUM OF 99.0 AND] 9.0
2022-04-16 18:24:00.941 [main] INFO  calculator.Calculator - [RESULT - SUM] - 108.0
2022-04-16 18:24:00.943 [main] INFO  calculator.Calculator - [SUM OF 16.0 AND] 166.0
2022-04-16 18:24:00.953 [main] INFO  calculator.Calculator - [RESULT - SUM] - 182.0
2022-04-16 18:24:00.969 [main] INFO  calculator.Calculator - [NATURAL LOG] - 1.0
2022-04-16 18:24:00.970 [main] INFO  calculator.Calculator - [RESULT - NATURAL LOG] - 0.0
2022-04-16 18:24:00.970 [main] INFO  calculator.Calculator - [NATURAL LOG] - 1.0
2022-04-16 18:24:00.973 [main] INFO  calculator.Calculator - [RESULT - NATURAL LOG] - 0.0
2022-04-16 18:24:00.992 [main] INFO  calculator.Calculator - [MIN OF 4.0 AND] 5.0
2022-04-16 18:24:01.011 [main] INFO  calculator.Calculator - [RESULT - MIN] - 4.0
2022-04-16 18:24:01.011 [main] INFO  calculator.Calculator - [MIN OF 1.0 AND] 1.0
2022-04-16 18:24:01.011 [main] INFO  calculator.Calculator - [RESULT - MIN] - 1.0
2022-04-16 18:24:01.014 [main] INFO  calculator.Calculator - [MIN OF 99.0 AND] 9.0
2022-04-16 18:24:01.015 [main] INFO  calculator.Calculator - [RESULT - MIN] - 9.0
2022-04-16 18:24:01.018 [main] INFO  calculator.Calculator - [MIN OF 16.0 AND] 166.0
2022-04-16 18:24:01.019 [main] INFO  calculator.Calculator - [RESULT - MIN] - 16.0
2022-04-16 18:24:01.038 [main] INFO  calculator.Calculator - [POWER - 2.0 RAISED TO] 2.0
2022-04-16 18:24:01.048 [main] INFO  calculator.Calculator - [RESULT - POWER] - 4.0
2022-04-16 18:24:01.049 [main] INFO  calculator.Calculator - [POWER - 2.0 RAISED TO] 3.0
2022-04-16 18:24:01.051 [main] INFO  calculator.Calculator - [RESULT - POWER] - 8.0
2022-04-16 18:24:01.052 [main] INFO  calculator.Calculator - [POWER - 2.0 RAISED TO] 8.0
2022-04-16 18:24:01.052 [main] INFO  calculator.Calculator - [RESULT - POWER] - 256.0
2022-04-16 18:24:01.060 [main] INFO  calculator.Calculator - [POWER - 2.0 RAISED TO] 3.0
2022-04-16 18:24:01.066 [main] INFO  calculator.Calculator - [RESULT - POWER] - 8.0
2022-04-16 18:24:01.075 [main] INFO  calculator.Calculator - [SUM OF 14.0 AND] 5.0
2022-04-16 18:24:01.075 [main] INFO  calculator.Calculator - [RESULT - SUM] - 19.0
2022-04-16 18:24:01.075 [main] INFO  calculator.Calculator - [SUM OF 1.0 AND] 1.0
2022-04-16 18:24:01.076 [main] INFO  calculator.Calculator - [RESULT - SUM] - 2.0
2022-04-16 18:24:01.080 [main] INFO  calculator.Calculator - [SUM OF 99.0 AND] 9.0
2022-04-16 18:24:01.080 [main] INFO  calculator.Calculator - [RESULT - SUM] - 108.0
2022-04-16 18:24:01.080 [main] INFO  calculator.Calculator - [SUM OF 16.0 AND] 0.0
2022-04-16 18:24:01.086 [main] INFO  calculator.Calculator - [RESULT - SUM] - 16.0
2022-04-16 18:24:01.093 [main] INFO  calculator.Calculator - [POWER - 2.0 RAISED TO] 3.0
2022-04-16 18:24:01.102 [main] INFO  calculator.Calculator - [RESULT - POWER] - 8.0
2022-04-16 18:24:01.102 [main] INFO  calculator.Calculator - [POWER - 4.0 RAISED TO] 3.0
2022-04-16 18:24:01.105 [main] INFO  calculator.Calculator - [RESULT - POWER] - 64.0
2022-04-16 18:24:01.107 [main] INFO  calculator.Calculator - [POWER - 2.0 RAISED TO] 4.0
2022-04-16 18:24:01.109 [main] INFO  calculator.Calculator - [RESULT - POWER] - 16.0
2022-04-16 18:24:01.114 [main] INFO  calculator.Calculator - [POWER - 4.0 RAISED TO] 2.0
2022-04-16 18:24:01.120 [main] INFO  calculator.Calculator - [RESULT - POWER] - 16.0
2022-04-16 18:24:01.133 [main] INFO  calculator.Calculator - [NATURAL LOG] - 2.4
2022-04-16 18:24:01.133 [main] INFO  calculator.Calculator - [RESULT - NATURAL LOG] - 0.8754687373538999
2022-04-16 18:24:01.134 [main] INFO  calculator.Calculator - [NATURAL LOG] - 2.1
2022-04-16 18:24:01.134 [main] INFO  calculator.Calculator - [RESULT - NATURAL LOG] - 0.7419373447293773
2022-04-16 18:24:01.138 [main] INFO  calculator.Calculator - [NATURAL LOG] - 2.1
2022-04-16 18:24:01.145 [main] INFO  calculator.Calculator - [RESULT - NATURAL LOG] - 0.7419373447293773
2022-04-16 18:24:01.147 [main] INFO  calculator.Calculator - [NATURAL LOG] - 290.1
2022-04-16 18:24:01.153 [main] INFO  calculator.Calculator - [RESULT - NATURAL LOG] - 5.670225691127358
2022-04-16 18:24:01.162 [main] INFO  calculator.Calculator - [MAX  OF 4.0 AND] 5.0
2022-04-16 18:24:01.163 [main] INFO  calculator.Calculator - [RESULT - MAX] - 5.0
2022-04-16 18:24:01.172 [main] INFO  calculator.Calculator - [MAX  OF 1.0 AND] 1.0
2022-04-16 18:24:01.177 [main] INFO  calculator.Calculator - [RESULT - MAX] - 1.0
2022-04-16 18:24:01.178 [main] INFO  calculator.Calculator - [MAX  OF 99.0 AND] 9.0
2022-04-16 18:24:01.178 [main] INFO  calculator.Calculator - [RESULT - MAX] - 99.0
2022-04-16 18:24:01.182 [main] INFO  calculator.Calculator - [MAX  OF 16.0 AND] 166.0
2022-04-16 18:24:01.185 [main] INFO  calculator.Calculator - [RESULT - MAX] - 166.0
2022-04-16 18:24:01.205 [main] INFO  calculator.Calculator - [SQ ROOT] - 4.0
2022-04-16 18:24:01.206 [main] INFO  calculator.Calculator - [RESULT - SQ ROOT] - 2.0
2022-04-16 18:24:01.210 [main] INFO  calculator.Calculator - [SQ ROOT] - 1.0
2022-04-16 18:24:01.218 [main] INFO  calculator.Calculator - [RESULT - SQ ROOT] - 1.0
2022-04-16 18:24:01.220 [main] INFO  calculator.Calculator - [SQ ROOT] - 9.0
2022-04-16 18:24:01.221 [main] INFO  calculator.Calculator - [RESULT - SQ ROOT] - 3.0
2022-04-16 18:24:01.222 [main] INFO  calculator.Calculator - [SQ ROOT] - 16.0
2022-04-16 18:24:01.222 [main] INFO  calculator.Calculator - [RESULT - SQ ROOT] - 4.0
2022-04-16 19:36:14.339 [main] INFO  calculator.Calculator - [SUM OF 12.0 AND] 133.0
2022-04-16 19:36:14.365 [main] INFO  calculator.Calculator - [RESULT - SUM] - 145.0
2022-04-17 11:54:15.146 [main] INFO  calculator.Calculator - [SQ ROOT] - 3.0
2022-04-17 11:54:15.200 [main] INFO  calculator.Calculator - [RESULT - SQ ROOT] - 1.7320508075688772
2022-04-17 11:54:15.204 [main] INFO  calculator.Calculator - [SQ ROOT] - 4.0
2022-04-17 11:54:15.210 [main] INFO  calculator.Calculator - [RESULT - SQ ROOT] - 2.0
2022-04-17 11:54:15.216 [main] INFO  calculator.Calculator - [SQ ROOT] - 30.0
2022-04-17 11:54:15.220 [main] INFO  calculator.Calculator - [RESULT - SQ ROOT] - 5.477225575051661
2022-04-17 11:54:15.222 [main] INFO  calculator.Calculator - [SQ ROOT] - 47.0
2022-04-17 11:54:15.223 [main] INFO  calculator.Calculator - [RESULT - SQ ROOT] - 6.855654600401044
2022-04-17 11:54:15.229 [main] INFO  calculator.Calculator - [MIN OF 14.0 AND] 5.0
2022-04-17 11:54:15.230 [main] INFO  calculator.Calculator - [RESULT - MIN] - 5.0
2022-04-17 11:54:15.230 [main] INFO  calculator.Calculator - [MIN OF 1.0 AND] 1.0
2022-04-17 11:54:15.232 [main] INFO  calculator.Calculator - [RESULT - MIN] - 1.0
2022-04-17 11:54:15.237 [main] INFO  calculator.Calculator - [MIN OF 99.0 AND] 9.0
2022-04-17 11:54:15.243 [main] INFO  calculator.Calculator - [RESULT - MIN] - 9.0
2022-04-17 11:54:15.243 [main] INFO  calculator.Calculator - [MIN OF 16.0 AND] 166.0
2022-04-17 11:54:15.244 [main] INFO  calculator.Calculator - [RESULT - MIN] - 16.0
2022-04-17 11:54:15.250 [main] INFO  calculator.Calculator - [MAX  OF 4.0 AND] 5.0
2022-04-17 11:54:15.250 [main] INFO  calculator.Calculator - [RESULT - MAX] - 5.0
2022-04-17 11:54:15.250 [main] INFO  calculator.Calculator - [MAX  OF 1.0 AND] 1.0
2022-04-17 11:54:15.250 [main] INFO  calculator.Calculator - [RESULT - MAX] - 1.0
2022-04-17 11:54:15.251 [main] INFO  calculator.Calculator - [MAX  OF 99.0 AND] 9.0
2022-04-17 11:54:15.251 [main] INFO  calculator.Calculator - [RESULT - MAX] - 99.0
2022-04-17 11:54:15.257 [main] INFO  calculator.Calculator - [MAX  OF 16.0 AND] 166.0
2022-04-17 11:54:15.263 [main] INFO  calculator.Calculator - [RESULT - MAX] - 166.0
2022-04-17 11:54:15.266 [main] INFO  calculator.Calculator - [SUM OF 4.0 AND] 5.0
2022-04-17 11:54:15.273 [main] INFO  calculator.Calculator - [RESULT - SUM] - 9.0
2022-04-17 11:54:15.281 [main] INFO  calculator.Calculator - [SUM OF 1.0 AND] 1.0
2022-04-17 11:54:15.283 [main] INFO  calculator.Calculator - [RESULT - SUM] - 2.0
2022-04-17 11:54:15.285 [main] INFO  calculator.Calculator - [SUM OF 99.0 AND] 9.0
2022-04-17 11:54:15.292 [main] INFO  calculator.Calculator - [RESULT - SUM] - 108.0
2022-04-17 11:54:15.293 [main] INFO  calculator.Calculator - [SUM OF 16.0 AND] 166.0
2022-04-17 11:54:15.293 [main] INFO  calculator.Calculator - [RESULT - SUM] - 182.0
2022-04-17 11:54:15.318 [main] INFO  calculator.Calculator - [NATURAL LOG] - 1.0
2022-04-17 11:54:15.326 [main] INFO  calculator.Calculator - [RESULT - NATURAL LOG] - 0.0
2022-04-17 11:54:15.328 [main] INFO  calculator.Calculator - [NATURAL LOG] - 1.0
2022-04-17 11:54:15.330 [main] INFO  calculator.Calculator - [RESULT - NATURAL LOG] - 0.0
2022-04-17 11:54:15.356 [main] INFO  calculator.Calculator - [MIN OF 4.0 AND] 5.0
2022-04-17 11:54:15.360 [main] INFO  calculator.Calculator - [RESULT - MIN] - 4.0
2022-04-17 11:54:15.367 [main] INFO  calculator.Calculator - [MIN OF 1.0 AND] 1.0
2022-04-17 11:54:15.369 [main] INFO  calculator.Calculator - [RESULT - MIN] - 1.0
2022-04-17 11:54:15.373 [main] INFO  calculator.Calculator - [MIN OF 99.0 AND] 9.0
2022-04-17 11:54:15.378 [main] INFO  calculator.Calculator - [RESULT - MIN] - 9.0
2022-04-17 11:54:15.390 [main] INFO  calculator.Calculator - [MIN OF 16.0 AND] 166.0
2022-04-17 11:54:15.390 [main] INFO  calculator.Calculator - [RESULT - MIN] - 16.0
2022-04-17 11:54:15.422 [main] INFO  calculator.Calculator - [POWER - 2.0 RAISED TO] 2.0
2022-04-17 11:54:15.427 [main] INFO  calculator.Calculator - [RESULT - POWER] - 4.0
2022-04-17 11:54:15.429 [main] INFO  calculator.Calculator - [POWER - 2.0 RAISED TO] 3.0
2022-04-17 11:54:15.431 [main] INFO  calculator.Calculator - [RESULT - POWER] - 8.0
2022-04-17 11:54:15.443 [main] INFO  calculator.Calculator - [POWER - 2.0 RAISED TO] 8.0
2022-04-17 11:54:15.443 [main] INFO  calculator.Calculator - [RESULT - POWER] - 256.0
2022-04-17 11:54:15.445 [main] INFO  calculator.Calculator - [POWER - 2.0 RAISED TO] 3.0
2022-04-17 11:54:15.457 [main] INFO  calculator.Calculator - [RESULT - POWER] - 8.0
2022-04-17 11:54:15.465 [main] INFO  calculator.Calculator - [SUM OF 14.0 AND] 5.0
2022-04-17 11:54:15.471 [main] INFO  calculator.Calculator - [RESULT - SUM] - 19.0
2022-04-17 11:54:15.494 [main] INFO  calculator.Calculator - [SUM OF 1.0 AND] 1.0
2022-04-17 11:54:15.495 [main] INFO  calculator.Calculator - [RESULT - SUM] - 2.0
2022-04-17 11:54:15.496 [main] INFO  calculator.Calculator - [SUM OF 99.0 AND] 9.0
2022-04-17 11:54:15.496 [main] INFO  calculator.Calculator - [RESULT - SUM] - 108.0
2022-04-17 11:54:15.496 [main] INFO  calculator.Calculator - [SUM OF 16.0 AND] 0.0
2022-04-17 11:54:15.497 [main] INFO  calculator.Calculator - [RESULT - SUM] - 16.0
2022-04-17 11:54:15.507 [main] INFO  calculator.Calculator - [POWER - 2.0 RAISED TO] 3.0
2022-04-17 11:54:15.513 [main] INFO  calculator.Calculator - [RESULT - POWER] - 8.0
2022-04-17 11:54:15.518 [main] INFO  calculator.Calculator - [POWER - 4.0 RAISED TO] 3.0
2022-04-17 11:54:15.521 [main] INFO  calculator.Calculator - [RESULT - POWER] - 64.0
2022-04-17 11:54:15.523 [main] INFO  calculator.Calculator - [POWER - 2.0 RAISED TO] 4.0
2022-04-17 11:54:15.535 [main] INFO  calculator.Calculator - [RESULT - POWER] - 16.0
2022-04-17 11:54:15.537 [main] INFO  calculator.Calculator - [POWER - 4.0 RAISED TO] 2.0
2022-04-17 11:54:15.539 [main] INFO  calculator.Calculator - [RESULT - POWER] - 16.0
2022-04-17 11:54:15.543 [main] INFO  calculator.Calculator - [NATURAL LOG] - 2.4
2022-04-17 11:54:15.544 [main] INFO  calculator.Calculator - [RESULT - NATURAL LOG] - 0.8754687373538999
2022-04-17 11:54:15.544 [main] INFO  calculator.Calculator - [NATURAL LOG] - 2.1
2022-04-17 11:54:15.549 [main] INFO  calculator.Calculator - [RESULT - NATURAL LOG] - 0.7419373447293773
2022-04-17 11:54:15.556 [main] INFO  calculator.Calculator - [NATURAL LOG] - 2.1
2022-04-17 11:54:15.561 [main] INFO  calculator.Calculator - [RESULT - NATURAL LOG] - 0.7419373447293773
2022-04-17 11:54:15.565 [main] INFO  calculator.Calculator - [NATURAL LOG] - 290.1
2022-04-17 11:54:15.565 [main] INFO  calculator.Calculator - [RESULT - NATURAL LOG] - 5.670225691127358
2022-04-17 11:54:15.586 [main] INFO  calculator.Calculator - [MAX  OF 4.0 AND] 5.0
2022-04-17 11:54:15.587 [main] INFO  calculator.Calculator - [RESULT - MAX] - 5.0
2022-04-17 11:54:15.587 [main] INFO  calculator.Calculator - [MAX  OF 1.0 AND] 1.0
2022-04-17 11:54:15.587 [main] INFO  calculator.Calculator - [RESULT - MAX] - 1.0
2022-04-17 11:54:15.588 [main] INFO  calculator.Calculator - [MAX  OF 99.0 AND] 9.0
2022-04-17 11:54:15.590 [main] INFO  calculator.Calculator - [RESULT - MAX] - 99.0
2022-04-17 11:54:15.595 [main] INFO  calculator.Calculator - [MAX  OF 16.0 AND] 166.0
2022-04-17 11:54:15.597 [main] INFO  calculator.Calculator - [RESULT - MAX] - 166.0
2022-04-17 11:54:15.608 [main] INFO  calculator.Calculator - [SQ ROOT] - 4.0
2022-04-17 11:54:15.609 [main] INFO  calculator.Calculator - [RESULT - SQ ROOT] - 2.0
2022-04-17 11:54:15.610 [main] INFO  calculator.Calculator - [SQ ROOT] - 1.0
2022-04-17 11:54:15.611 [main] INFO  calculator.Calculator - [RESULT - SQ ROOT] - 1.0
2022-04-17 11:54:15.614 [main] INFO  calculator.Calculator - [SQ ROOT] - 9.0
2022-04-17 11:54:15.615 [main] INFO  calculator.Calculator - [RESULT - SQ ROOT] - 3.0
2022-04-17 11:54:15.625 [main] INFO  calculator.Calculator - [SQ ROOT] - 16.0
2022-04-17 11:54:15.626 [main] INFO  calculator.Calculator - [RESULT - SQ ROOT] - 4.0
2022-04-17 18:22:13.067 [main] INFO  calculator.Calculator - [SQ ROOT] - 3.0
2022-04-17 18:22:13.107 [main] INFO  calculator.Calculator - [RESULT - SQ ROOT] - 1.7320508075688772
2022-04-17 18:22:13.108 [main] INFO  calculator.Calculator - [SQ ROOT] - 4.0
2022-04-17 18:22:13.112 [main] INFO  calculator.Calculator - [RESULT - SQ ROOT] - 2.0
2022-04-17 18:22:13.113 [main] INFO  calculator.Calculator - [SQ ROOT] - 30.0
2022-04-17 18:22:13.113 [main] INFO  calculator.Calculator - [RESULT - SQ ROOT] - 5.477225575051661
2022-04-17 18:22:13.114 [main] INFO  calculator.Calculator - [SQ ROOT] - 47.0
2022-04-17 18:22:13.114 [main] INFO  calculator.Calculator - [RESULT - SQ ROOT] - 6.855654600401044
2022-04-17 18:22:13.132 [main] INFO  calculator.Calculator - [MIN OF 14.0 AND] 5.0
2022-04-17 18:22:13.132 [main] INFO  calculator.Calculator - [RESULT - MIN] - 5.0
2022-04-17 18:22:13.133 [main] INFO  calculator.Calculator - [MIN OF 1.0 AND] 1.0
2022-04-17 18:22:13.150 [main] INFO  calculator.Calculator - [RESULT - MIN] - 1.0
2022-04-17 18:22:13.154 [main] INFO  calculator.Calculator - [MIN OF 99.0 AND] 9.0
2022-04-17 18:22:13.154 [main] INFO  calculator.Calculator - [RESULT - MIN] - 9.0
2022-04-17 18:22:13.155 [main] INFO  calculator.Calculator - [MIN OF 16.0 AND] 166.0
2022-04-17 18:22:13.155 [main] INFO  calculator.Calculator - [RESULT - MIN] - 16.0
2022-04-17 18:22:13.158 [main] INFO  calculator.Calculator - [MAX  OF 4.0 AND] 5.0
2022-04-17 18:22:13.158 [main] INFO  calculator.Calculator - [RESULT - MAX] - 5.0
2022-04-17 18:22:13.159 [main] INFO  calculator.Calculator - [MAX  OF 1.0 AND] 1.0
2022-04-17 18:22:13.168 [main] INFO  calculator.Calculator - [RESULT - MAX] - 1.0
2022-04-17 18:22:13.176 [main] INFO  calculator.Calculator - [MAX  OF 99.0 AND] 9.0
2022-04-17 18:22:13.182 [main] INFO  calculator.Calculator - [RESULT - MAX] - 99.0
2022-04-17 18:22:13.187 [main] INFO  calculator.Calculator - [MAX  OF 16.0 AND] 166.0
2022-04-17 18:22:13.202 [main] INFO  calculator.Calculator - [RESULT - MAX] - 166.0
2022-04-17 18:22:13.204 [main] INFO  calculator.Calculator - [SUM OF 4.0 AND] 5.0
2022-04-17 18:22:13.204 [main] INFO  calculator.Calculator - [RESULT - SUM] - 9.0
2022-04-17 18:22:13.205 [main] INFO  calculator.Calculator - [SUM OF 1.0 AND] 1.0
2022-04-17 18:22:13.205 [main] INFO  calculator.Calculator - [RESULT - SUM] - 2.0
2022-04-17 18:22:13.205 [main] INFO  calculator.Calculator - [SUM OF 99.0 AND] 9.0
2022-04-17 18:22:13.206 [main] INFO  calculator.Calculator - [RESULT - SUM] - 108.0
2022-04-17 18:22:13.209 [main] INFO  calculator.Calculator - [SUM OF 16.0 AND] 166.0
2022-04-17 18:22:13.210 [main] INFO  calculator.Calculator - [RESULT - SUM] - 182.0
2022-04-17 18:22:13.214 [main] INFO  calculator.Calculator - [NATURAL LOG] - 1.0
2022-04-17 18:22:13.238 [main] INFO  calculator.Calculator - [RESULT - NATURAL LOG] - 0.0
2022-04-17 18:22:13.245 [main] INFO  calculator.Calculator - [NATURAL LOG] - 1.0
2022-04-17 18:22:13.246 [main] INFO  calculator.Calculator - [RESULT - NATURAL LOG] - 0.0
2022-04-17 18:22:13.263 [main] INFO  calculator.Calculator - [MIN OF 4.0 AND] 5.0
2022-04-17 18:22:13.266 [main] INFO  calculator.Calculator - [RESULT - MIN] - 4.0
2022-04-17 18:22:13.266 [main] INFO  calculator.Calculator - [MIN OF 1.0 AND] 1.0
2022-04-17 18:22:13.266 [main] INFO  calculator.Calculator - [RESULT - MIN] - 1.0
2022-04-17 18:22:13.267 [main] INFO  calculator.Calculator - [MIN OF 99.0 AND] 9.0
2022-04-17 18:22:13.268 [main] INFO  calculator.Calculator - [RESULT - MIN] - 9.0
2022-04-17 18:22:13.288 [main] INFO  calculator.Calculator - [MIN OF 16.0 AND] 166.0
2022-04-17 18:22:13.289 [main] INFO  calculator.Calculator - [RESULT - MIN] - 16.0
2022-04-17 18:22:13.302 [main] INFO  calculator.Calculator - [POWER - 2.0 RAISED TO] 2.0
2022-04-17 18:22:13.305 [main] INFO  calculator.Calculator - [RESULT - POWER] - 4.0
2022-04-17 18:22:13.306 [main] INFO  calculator.Calculator - [POWER - 2.0 RAISED TO] 3.0
2022-04-17 18:22:13.306 [main] INFO  calculator.Calculator - [RESULT - POWER] - 8.0
2022-04-17 18:22:13.307 [main] INFO  calculator.Calculator - [POWER - 2.0 RAISED TO] 8.0
2022-04-17 18:22:13.308 [main] INFO  calculator.Calculator - [RESULT - POWER] - 256.0
2022-04-17 18:22:13.311 [main] INFO  calculator.Calculator - [POWER - 2.0 RAISED TO] 3.0
2022-04-17 18:22:13.311 [main] INFO  calculator.Calculator - [RESULT - POWER] - 8.0
2022-04-17 18:22:13.334 [main] INFO  calculator.Calculator - [SUM OF 14.0 AND] 5.0
2022-04-17 18:22:13.334 [main] INFO  calculator.Calculator - [RESULT - SUM] - 19.0
2022-04-17 18:22:13.340 [main] INFO  calculator.Calculator - [SUM OF 1.0 AND] 1.0
2022-04-17 18:22:13.345 [main] INFO  calculator.Calculator - [RESULT - SUM] - 2.0
2022-04-17 18:22:13.347 [main] INFO  calculator.Calculator - [SUM OF 99.0 AND] 9.0
2022-04-17 18:22:13.352 [main] INFO  calculator.Calculator - [RESULT - SUM] - 108.0
2022-04-17 18:22:13.355 [main] INFO  calculator.Calculator - [SUM OF 16.0 AND] 0.0
2022-04-17 18:22:13.356 [main] INFO  calculator.Calculator - [RESULT - SUM] - 16.0
2022-04-17 18:22:13.365 [main] INFO  calculator.Calculator - [POWER - 2.0 RAISED TO] 3.0
2022-04-17 18:22:13.367 [main] INFO  calculator.Calculator - [RESULT - POWER] - 8.0
2022-04-17 18:22:13.381 [main] INFO  calculator.Calculator - [POWER - 4.0 RAISED TO] 3.0
2022-04-17 18:22:13.398 [main] INFO  calculator.Calculator - [RESULT - POWER] - 64.0
2022-04-17 18:22:13.401 [main] INFO  calculator.Calculator - [POWER - 2.0 RAISED TO] 4.0
2022-04-17 18:22:13.401 [main] INFO  calculator.Calculator - [RESULT - POWER] - 16.0
2022-04-17 18:22:13.402 [main] INFO  calculator.Calculator - [POWER - 4.0 RAISED TO] 2.0
2022-04-17 18:22:13.402 [main] INFO  calculator.Calculator - [RESULT - POWER] - 16.0
2022-04-17 18:22:13.415 [main] INFO  calculator.Calculator - [NATURAL LOG] - 2.4
2022-04-17 18:22:13.417 [main] INFO  calculator.Calculator - [RESULT - NATURAL LOG] - 0.8754687373538999
2022-04-17 18:22:13.418 [main] INFO  calculator.Calculator - [NATURAL LOG] - 2.1
2022-04-17 18:22:13.422 [main] INFO  calculator.Calculator - [RESULT - NATURAL LOG] - 0.7419373447293773
2022-04-17 18:22:13.423 [main] INFO  calculator.Calculator - [NATURAL LOG] - 2.1
2022-04-17 18:22:13.428 [main] INFO  calculator.Calculator - [RESULT - NATURAL LOG] - 0.7419373447293773
2022-04-17 18:22:13.430 [main] INFO  calculator.Calculator - [NATURAL LOG] - 290.1
2022-04-17 18:22:13.433 [main] INFO  calculator.Calculator - [RESULT - NATURAL LOG] - 5.670225691127358
2022-04-17 18:22:13.451 [main] INFO  calculator.Calculator - [MAX  OF 4.0 AND] 5.0
2022-04-17 18:22:13.451 [main] INFO  calculator.Calculator - [RESULT - MAX] - 5.0
2022-04-17 18:22:13.452 [main] INFO  calculator.Calculator - [MAX  OF 1.0 AND] 1.0
2022-04-17 18:22:13.452 [main] INFO  calculator.Calculator - [RESULT - MAX] - 1.0
2022-04-17 18:22:13.452 [main] INFO  calculator.Calculator - [MAX  OF 99.0 AND] 9.0
2022-04-17 18:22:13.452 [main] INFO  calculator.Calculator - [RESULT - MAX] - 99.0
2022-04-17 18:22:13.457 [main] INFO  calculator.Calculator - [MAX  OF 16.0 AND] 166.0
2022-04-17 18:22:13.458 [main] INFO  calculator.Calculator - [RESULT - MAX] - 166.0
2022-04-17 18:22:13.462 [main] INFO  calculator.Calculator - [SQ ROOT] - 4.0
2022-04-17 18:22:13.473 [main] INFO  calculator.Calculator - [RESULT - SQ ROOT] - 2.0
2022-04-17 18:22:13.479 [main] INFO  calculator.Calculator - [SQ ROOT] - 1.0
2022-04-17 18:22:13.480 [main] INFO  calculator.Calculator - [RESULT - SQ ROOT] - 1.0
2022-04-17 18:22:13.480 [main] INFO  calculator.Calculator - [SQ ROOT] - 9.0
2022-04-17 18:22:13.483 [main] INFO  calculator.Calculator - [RESULT - SQ ROOT] - 3.0
2022-04-17 18:22:13.488 [main] INFO  calculator.Calculator - [SQ ROOT] - 16.0
2022-04-17 18:22:13.488 [main] INFO  calculator.Calculator - [RESULT - SQ ROOT] - 4.0
2022-04-17 18:22:41.828 [main] INFO  calculator.Calculator - [SQ ROOT] - 3.0
2022-04-17 18:22:41.909 [main] INFO  calculator.Calculator - [RESULT - SQ ROOT] - 1.7320508075688772
2022-04-17 18:22:41.910 [main] INFO  calculator.Calculator - [SQ ROOT] - 4.0
2022-04-17 18:22:41.911 [main] INFO  calculator.Calculator - [RESULT - SQ ROOT] - 2.0
2022-04-17 18:22:41.911 [main] INFO  calculator.Calculator - [SQ ROOT] - 30.0
2022-04-17 18:22:41.922 [main] INFO  calculator.Calculator - [RESULT - SQ ROOT] - 5.477225575051661
2022-04-17 18:22:41.925 [main] INFO  calculator.Calculator - [SQ ROOT] - 47.0
2022-04-17 18:22:41.934 [main] INFO  calculator.Calculator - [RESULT - SQ ROOT] - 6.855654600401044
2022-04-17 18:22:41.948 [main] INFO  calculator.Calculator - [MIN OF 14.0 AND] 5.0
2022-04-17 18:22:41.956 [main] INFO  calculator.Calculator - [RESULT - MIN] - 5.0
2022-04-17 18:22:41.959 [main] INFO  calculator.Calculator - [MIN OF 1.0 AND] 1.0
2022-04-17 18:22:41.966 [main] INFO  calculator.Calculator - [RESULT - MIN] - 1.0
2022-04-17 18:22:41.972 [main] INFO  calculator.Calculator - [MIN OF 99.0 AND] 9.0
2022-04-17 18:22:41.979 [main] INFO  calculator.Calculator - [RESULT - MIN] - 9.0
2022-04-17 18:22:41.988 [main] INFO  calculator.Calculator - [MIN OF 16.0 AND] 166.0
2022-04-17 18:22:41.999 [main] INFO  calculator.Calculator - [RESULT - MIN] - 16.0
2022-04-17 18:22:42.010 [main] INFO  calculator.Calculator - [MAX  OF 4.0 AND] 5.0
2022-04-17 18:22:42.010 [main] INFO  calculator.Calculator - [RESULT - MAX] - 5.0
2022-04-17 18:22:42.010 [main] INFO  calculator.Calculator - [MAX  OF 1.0 AND] 1.0
2022-04-17 18:22:42.011 [main] INFO  calculator.Calculator - [RESULT - MAX] - 1.0
2022-04-17 18:22:42.011 [main] INFO  calculator.Calculator - [MAX  OF 99.0 AND] 9.0
2022-04-17 18:22:42.026 [main] INFO  calculator.Calculator - [RESULT - MAX] - 99.0
2022-04-17 18:22:42.026 [main] INFO  calculator.Calculator - [MAX  OF 16.0 AND] 166.0
2022-04-17 18:22:42.032 [main] INFO  calculator.Calculator - [RESULT - MAX] - 166.0
2022-04-17 18:22:42.036 [main] INFO  calculator.Calculator - [SUM OF 4.0 AND] 5.0
2022-04-17 18:22:42.047 [main] INFO  calculator.Calculator - [RESULT - SUM] - 9.0
2022-04-17 18:22:42.048 [main] INFO  calculator.Calculator - [SUM OF 1.0 AND] 1.0
2022-04-17 18:22:42.048 [main] INFO  calculator.Calculator - [RESULT - SUM] - 2.0
2022-04-17 18:22:42.049 [main] INFO  calculator.Calculator - [SUM OF 99.0 AND] 9.0
2022-04-17 18:22:42.052 [main] INFO  calculator.Calculator - [RESULT - SUM] - 108.0
2022-04-17 18:22:42.055 [main] INFO  calculator.Calculator - [SUM OF 16.0 AND] 166.0
2022-04-17 18:22:42.080 [main] INFO  calculator.Calculator - [RESULT - SUM] - 182.0
2022-04-17 18:22:42.096 [main] INFO  calculator.Calculator - [NATURAL LOG] - 1.0
2022-04-17 18:22:42.096 [main] INFO  calculator.Calculator - [RESULT - NATURAL LOG] - 0.0
2022-04-17 18:22:42.103 [main] INFO  calculator.Calculator - [NATURAL LOG] - 1.0
2022-04-17 18:22:42.104 [main] INFO  calculator.Calculator - [RESULT - NATURAL LOG] - 0.0
2022-04-17 18:22:42.132 [main] INFO  calculator.Calculator - [MIN OF 4.0 AND] 5.0
2022-04-17 18:22:42.152 [main] INFO  calculator.Calculator - [RESULT - MIN] - 4.0
2022-04-17 18:22:42.152 [main] INFO  calculator.Calculator - [MIN OF 1.0 AND] 1.0
2022-04-17 18:22:42.152 [main] INFO  calculator.Calculator - [RESULT - MIN] - 1.0
2022-04-17 18:22:42.153 [main] INFO  calculator.Calculator - [MIN OF 99.0 AND] 9.0
2022-04-17 18:22:42.153 [main] INFO  calculator.Calculator - [RESULT - MIN] - 9.0
2022-04-17 18:22:42.155 [main] INFO  calculator.Calculator - [MIN OF 16.0 AND] 166.0
2022-04-17 18:22:42.158 [main] INFO  calculator.Calculator - [RESULT - MIN] - 16.0
2022-04-17 18:22:42.169 [main] INFO  calculator.Calculator - [POWER - 2.0 RAISED TO] 2.0
2022-04-17 18:22:42.170 [main] INFO  calculator.Calculator - [RESULT - POWER] - 4.0
2022-04-17 18:22:42.171 [main] INFO  calculator.Calculator - [POWER - 2.0 RAISED TO] 3.0
2022-04-17 18:22:42.171 [main] INFO  calculator.Calculator - [RESULT - POWER] - 8.0
2022-04-17 18:22:42.171 [main] INFO  calculator.Calculator - [POWER - 2.0 RAISED TO] 8.0
2022-04-17 18:22:42.180 [main] INFO  calculator.Calculator - [RESULT - POWER] - 256.0
2022-04-17 18:22:42.182 [main] INFO  calculator.Calculator - [POWER - 2.0 RAISED TO] 3.0
2022-04-17 18:22:42.206 [main] INFO  calculator.Calculator - [RESULT - POWER] - 8.0
2022-04-17 18:22:42.219 [main] INFO  calculator.Calculator - [SUM OF 14.0 AND] 5.0
2022-04-17 18:22:42.220 [main] INFO  calculator.Calculator - [RESULT - SUM] - 19.0
2022-04-17 18:22:42.220 [main] INFO  calculator.Calculator - [SUM OF 1.0 AND] 1.0
2022-04-17 18:22:42.221 [main] INFO  calculator.Calculator - [RESULT - SUM] - 2.0
2022-04-17 18:22:42.235 [main] INFO  calculator.Calculator - [SUM OF 99.0 AND] 9.0
2022-04-17 18:22:42.235 [main] INFO  calculator.Calculator - [RESULT - SUM] - 108.0
2022-04-17 18:22:42.236 [main] INFO  calculator.Calculator - [SUM OF 16.0 AND] 0.0
2022-04-17 18:22:42.237 [main] INFO  calculator.Calculator - [RESULT - SUM] - 16.0
2022-04-17 18:22:42.257 [main] INFO  calculator.Calculator - [POWER - 2.0 RAISED TO] 3.0
2022-04-17 18:22:42.275 [main] INFO  calculator.Calculator - [RESULT - POWER] - 8.0
2022-04-17 18:22:42.276 [main] INFO  calculator.Calculator - [POWER - 4.0 RAISED TO] 3.0
2022-04-17 18:22:42.277 [main] INFO  calculator.Calculator - [RESULT - POWER] - 64.0
2022-04-17 18:22:42.279 [main] INFO  calculator.Calculator - [POWER - 2.0 RAISED TO] 4.0
2022-04-17 18:22:42.296 [main] INFO  calculator.Calculator - [RESULT - POWER] - 16.0
2022-04-17 18:22:42.296 [main] INFO  calculator.Calculator - [POWER - 4.0 RAISED TO] 2.0
2022-04-17 18:22:42.296 [main] INFO  calculator.Calculator - [RESULT - POWER] - 16.0
2022-04-17 18:22:42.298 [main] INFO  calculator.Calculator - [NATURAL LOG] - 2.4
2022-04-17 18:22:42.298 [main] INFO  calculator.Calculator - [RESULT - NATURAL LOG] - 0.8754687373538999
2022-04-17 18:22:42.320 [main] INFO  calculator.Calculator - [NATURAL LOG] - 2.1
2022-04-17 18:22:42.320 [main] INFO  calculator.Calculator - [RESULT - NATURAL LOG] - 0.7419373447293773
2022-04-17 18:22:42.323 [main] INFO  calculator.Calculator - [NATURAL LOG] - 2.1
2022-04-17 18:22:42.325 [main] INFO  calculator.Calculator - [RESULT - NATURAL LOG] - 0.7419373447293773
2022-04-17 18:22:42.326 [main] INFO  calculator.Calculator - [NATURAL LOG] - 290.1
2022-04-17 18:22:42.333 [main] INFO  calculator.Calculator - [RESULT - NATURAL LOG] - 5.670225691127358
2022-04-17 18:22:42.356 [main] INFO  calculator.Calculator - [MAX  OF 4.0 AND] 5.0
2022-04-17 18:22:42.356 [main] INFO  calculator.Calculator - [RESULT - MAX] - 5.0
2022-04-17 18:22:42.361 [main] INFO  calculator.Calculator - [MAX  OF 1.0 AND] 1.0
2022-04-17 18:22:42.365 [main] INFO  calculator.Calculator - [RESULT - MAX] - 1.0
2022-04-17 18:22:42.366 [main] INFO  calculator.Calculator - [MAX  OF 99.0 AND] 9.0
2022-04-17 18:22:42.366 [main] INFO  calculator.Calculator - [RESULT - MAX] - 99.0
2022-04-17 18:22:42.366 [main] INFO  calculator.Calculator - [MAX  OF 16.0 AND] 166.0
2022-04-17 18:22:42.366 [main] INFO  calculator.Calculator - [RESULT - MAX] - 166.0
2022-04-17 18:22:42.385 [main] INFO  calculator.Calculator - [SQ ROOT] - 4.0
2022-04-17 18:22:42.386 [main] INFO  calculator.Calculator - [RESULT - SQ ROOT] - 2.0
2022-04-17 18:22:42.387 [main] INFO  calculator.Calculator - [SQ ROOT] - 1.0
2022-04-17 18:22:42.387 [main] INFO  calculator.Calculator - [RESULT - SQ ROOT] - 1.0
2022-04-17 18:22:42.400 [main] INFO  calculator.Calculator - [SQ ROOT] - 9.0
2022-04-17 18:22:42.404 [main] INFO  calculator.Calculator - [RESULT - SQ ROOT] - 3.0
2022-04-17 18:22:42.416 [main] INFO  calculator.Calculator - [SQ ROOT] - 16.0
2022-04-17 18:22:42.417 [main] INFO  calculator.Calculator - [RESULT - SQ ROOT] - 4.0
2022-04-17 18:23:04.502 [main] INFO  calculator.Calculator - [SQ ROOT] - 3.0
2022-04-17 18:23:04.551 [main] INFO  calculator.Calculator - [RESULT - SQ ROOT] - 1.7320508075688772
2022-04-17 18:23:04.553 [main] INFO  calculator.Calculator - [SQ ROOT] - 4.0
2022-04-17 18:23:04.569 [main] INFO  calculator.Calculator - [RESULT - SQ ROOT] - 2.0
2022-04-17 18:23:04.573 [main] INFO  calculator.Calculator - [SQ ROOT] - 30.0
2022-04-17 18:23:04.580 [main] INFO  calculator.Calculator - [RESULT - SQ ROOT] - 5.477225575051661
2022-04-17 18:23:04.583 [main] INFO  calculator.Calculator - [SQ ROOT] - 47.0
2022-04-17 18:23:04.587 [main] INFO  calculator.Calculator - [RESULT - SQ ROOT] - 6.855654600401044
2022-04-17 18:23:04.617 [main] INFO  calculator.Calculator - [MIN OF 14.0 AND] 5.0
2022-04-17 18:23:04.618 [main] INFO  calculator.Calculator - [RESULT - MIN] - 5.0
2022-04-17 18:23:04.618 [main] INFO  calculator.Calculator - [MIN OF 1.0 AND] 1.0
2022-04-17 18:23:04.622 [main] INFO  calculator.Calculator - [RESULT - MIN] - 1.0
2022-04-17 18:23:04.624 [main] INFO  calculator.Calculator - [MIN OF 99.0 AND] 9.0
2022-04-17 18:23:04.626 [main] INFO  calculator.Calculator - [RESULT - MIN] - 9.0
2022-04-17 18:23:04.631 [main] INFO  calculator.Calculator - [MIN OF 16.0 AND] 166.0
2022-04-17 18:23:04.637 [main] INFO  calculator.Calculator - [RESULT - MIN] - 16.0
2022-04-17 18:23:04.670 [main] INFO  calculator.Calculator - [MAX  OF 4.0 AND] 5.0
2022-04-17 18:23:04.671 [main] INFO  calculator.Calculator - [RESULT - MAX] - 5.0
2022-04-17 18:23:04.677 [main] INFO  calculator.Calculator - [MAX  OF 1.0 AND] 1.0
2022-04-17 18:23:04.690 [main] INFO  calculator.Calculator - [RESULT - MAX] - 1.0
2022-04-17 18:23:04.691 [main] INFO  calculator.Calculator - [MAX  OF 99.0 AND] 9.0
2022-04-17 18:23:04.702 [main] INFO  calculator.Calculator - [RESULT - MAX] - 99.0
2022-04-17 18:23:04.702 [main] INFO  calculator.Calculator - [MAX  OF 16.0 AND] 166.0
2022-04-17 18:23:04.703 [main] INFO  calculator.Calculator - [RESULT - MAX] - 166.0
2022-04-17 18:23:04.722 [main] INFO  calculator.Calculator - [SUM OF 4.0 AND] 5.0
2022-04-17 18:23:04.723 [main] INFO  calculator.Calculator - [RESULT - SUM] - 9.0
2022-04-17 18:23:04.733 [main] INFO  calculator.Calculator - [SUM OF 1.0 AND] 1.0
2022-04-17 18:23:04.733 [main] INFO  calculator.Calculator - [RESULT - SUM] - 2.0
2022-04-17 18:23:04.733 [main] INFO  calculator.Calculator - [SUM OF 99.0 AND] 9.0
2022-04-17 18:23:04.734 [main] INFO  calculator.Calculator - [RESULT - SUM] - 108.0
2022-04-17 18:23:04.745 [main] INFO  calculator.Calculator - [SUM OF 16.0 AND] 166.0
2022-04-17 18:23:04.754 [main] INFO  calculator.Calculator - [RESULT - SUM] - 182.0
2022-04-17 18:23:04.763 [main] INFO  calculator.Calculator - [NATURAL LOG] - 1.0
2022-04-17 18:23:04.764 [main] INFO  calculator.Calculator - [RESULT - NATURAL LOG] - 0.0
2022-04-17 18:23:04.765 [main] INFO  calculator.Calculator - [NATURAL LOG] - 1.0
2022-04-17 18:23:04.765 [main] INFO  calculator.Calculator - [RESULT - NATURAL LOG] - 0.0
2022-04-17 18:23:04.797 [main] INFO  calculator.Calculator - [MIN OF 4.0 AND] 5.0
2022-04-17 18:23:04.798 [main] INFO  calculator.Calculator - [RESULT - MIN] - 4.0
2022-04-17 18:23:04.808 [main] INFO  calculator.Calculator - [MIN OF 1.0 AND] 1.0
2022-04-17 18:23:04.809 [main] INFO  calculator.Calculator - [RESULT - MIN] - 1.0
2022-04-17 18:23:04.809 [main] INFO  calculator.Calculator - [MIN OF 99.0 AND] 9.0
2022-04-17 18:23:04.809 [main] INFO  calculator.Calculator - [RESULT - MIN] - 9.0
2022-04-17 18:23:04.831 [main] INFO  calculator.Calculator - [MIN OF 16.0 AND] 166.0
2022-04-17 18:23:04.832 [main] INFO  calculator.Calculator - [RESULT - MIN] - 16.0
2022-04-17 18:23:04.848 [main] INFO  calculator.Calculator - [POWER - 2.0 RAISED TO] 2.0
2022-04-17 18:23:04.849 [main] INFO  calculator.Calculator - [RESULT - POWER] - 4.0
2022-04-17 18:23:04.857 [main] INFO  calculator.Calculator - [POWER - 2.0 RAISED TO] 3.0
2022-04-17 18:23:04.871 [main] INFO  calculator.Calculator - [RESULT - POWER] - 8.0
2022-04-17 18:23:04.871 [main] INFO  calculator.Calculator - [POWER - 2.0 RAISED TO] 8.0
2022-04-17 18:23:04.871 [main] INFO  calculator.Calculator - [RESULT - POWER] - 256.0
2022-04-17 18:23:04.873 [main] INFO  calculator.Calculator - [POWER - 2.0 RAISED TO] 3.0
2022-04-17 18:23:04.874 [main] INFO  calculator.Calculator - [RESULT - POWER] - 8.0
2022-04-17 18:23:04.917 [main] INFO  calculator.Calculator - [SUM OF 14.0 AND] 5.0
2022-04-17 18:23:04.917 [main] INFO  calculator.Calculator - [RESULT - SUM] - 19.0
2022-04-17 18:23:04.918 [main] INFO  calculator.Calculator - [SUM OF 1.0 AND] 1.0
2022-04-17 18:23:04.989 [main] INFO  calculator.Calculator - [RESULT - SUM] - 2.0
2022-04-17 18:23:04.989 [main] INFO  calculator.Calculator - [SUM OF 99.0 AND] 9.0
2022-04-17 18:23:04.990 [main] INFO  calculator.Calculator - [RESULT - SUM] - 108.0
2022-04-17 18:23:04.991 [main] INFO  calculator.Calculator - [SUM OF 16.0 AND] 0.0
2022-04-17 18:23:04.991 [main] INFO  calculator.Calculator - [RESULT - SUM] - 16.0
2022-04-17 18:23:04.993 [main] INFO  calculator.Calculator - [POWER - 2.0 RAISED TO] 3.0
2022-04-17 18:23:04.995 [main] INFO  calculator.Calculator - [RESULT - POWER] - 8.0
2022-04-17 18:23:04.996 [main] INFO  calculator.Calculator - [POWER - 4.0 RAISED TO] 3.0
2022-04-17 18:23:04.996 [main] INFO  calculator.Calculator - [RESULT - POWER] - 64.0
2022-04-17 18:23:04.996 [main] INFO  calculator.Calculator - [POWER - 2.0 RAISED TO] 4.0
2022-04-17 18:23:05.012 [main] INFO  calculator.Calculator - [RESULT - POWER] - 16.0
2022-04-17 18:23:05.013 [main] INFO  calculator.Calculator - [POWER - 4.0 RAISED TO] 2.0
2022-04-17 18:23:05.013 [main] INFO  calculator.Calculator - [RESULT - POWER] - 16.0
2022-04-17 18:23:05.014 [main] INFO  calculator.Calculator - [NATURAL LOG] - 2.4
2022-04-17 18:23:05.051 [main] INFO  calculator.Calculator - [RESULT - NATURAL LOG] - 0.8754687373538999
2022-04-17 18:23:05.051 [main] INFO  calculator.Calculator - [NATURAL LOG] - 2.1
2022-04-17 18:23:05.051 [main] INFO  calculator.Calculator - [RESULT - NATURAL LOG] - 0.7419373447293773
2022-04-17 18:23:05.051 [main] INFO  calculator.Calculator - [NATURAL LOG] - 2.1
2022-04-17 18:23:05.052 [main] INFO  calculator.Calculator - [RESULT - NATURAL LOG] - 0.7419373447293773
2022-04-17 18:23:05.052 [main] INFO  calculator.Calculator - [NATURAL LOG] - 290.1
2022-04-17 18:23:05.052 [main] INFO  calculator.Calculator - [RESULT - NATURAL LOG] - 5.670225691127358
2022-04-17 18:23:05.070 [main] INFO  calculator.Calculator - [MAX  OF 4.0 AND] 5.0
2022-04-17 18:23:05.071 [main] INFO  calculator.Calculator - [RESULT - MAX] - 5.0
2022-04-17 18:23:05.072 [main] INFO  calculator.Calculator - [MAX  OF 1.0 AND] 1.0
2022-04-17 18:23:05.081 [main] INFO  calculator.Calculator - [RESULT - MAX] - 1.0
2022-04-17 18:23:05.082 [main] INFO  calculator.Calculator - [MAX  OF 99.0 AND] 9.0
2022-04-17 18:23:05.082 [main] INFO  calculator.Calculator - [RESULT - MAX] - 99.0
2022-04-17 18:23:05.082 [main] INFO  calculator.Calculator - [MAX  OF 16.0 AND] 166.0
2022-04-17 18:23:05.083 [main] INFO  calculator.Calculator - [RESULT - MAX] - 166.0
2022-04-17 18:23:05.096 [main] INFO  calculator.Calculator - [SQ ROOT] - 4.0
2022-04-17 18:23:05.110 [main] INFO  calculator.Calculator - [RESULT - SQ ROOT] - 2.0
2022-04-17 18:23:05.110 [main] INFO  calculator.Calculator - [SQ ROOT] - 1.0
2022-04-17 18:23:05.126 [main] INFO  calculator.Calculator - [RESULT - SQ ROOT] - 1.0
2022-04-17 18:23:05.126 [main] INFO  calculator.Calculator - [SQ ROOT] - 9.0
2022-04-17 18:23:05.126 [main] INFO  calculator.Calculator - [RESULT - SQ ROOT] - 3.0
2022-04-17 18:23:05.127 [main] INFO  calculator.Calculator - [SQ ROOT] - 16.0
2022-04-17 18:23:05.127 [main] INFO  calculator.Calculator - [RESULT - SQ ROOT] - 4.0
2022-04-17 18:24:15.046 [main] INFO  calculator.Calculator - [SQ ROOT] - 3.0
2022-04-17 18:24:15.103 [main] INFO  calculator.Calculator - [RESULT - SQ ROOT] - 1.7320508075688772
2022-04-17 18:24:15.105 [main] INFO  calculator.Calculator - [SQ ROOT] - 4.0
2022-04-17 18:24:15.120 [main] INFO  calculator.Calculator - [RESULT - SQ ROOT] - 2.0
2022-04-17 18:24:15.122 [main] INFO  calculator.Calculator - [SQ ROOT] - 30.0
2022-04-17 18:24:15.123 [main] INFO  calculator.Calculator - [RESULT - SQ ROOT] - 5.477225575051661
2022-04-17 18:24:15.142 [main] INFO  calculator.Calculator - [SQ ROOT] - 47.0
2022-04-17 18:24:15.144 [main] INFO  calculator.Calculator - [RESULT - SQ ROOT] - 6.855654600401044
2022-04-17 18:24:15.152 [main] INFO  calculator.Calculator - [MIN OF 14.0 AND] 5.0
2022-04-17 18:24:15.153 [main] INFO  calculator.Calculator - [RESULT - MIN] - 5.0
2022-04-17 18:24:15.156 [main] INFO  calculator.Calculator - [MIN OF 1.0 AND] 1.0
2022-04-17 18:24:15.159 [main] INFO  calculator.Calculator - [RESULT - MIN] - 1.0
2022-04-17 18:24:15.160 [main] INFO  calculator.Calculator - [MIN OF 99.0 AND] 9.0
2022-04-17 18:24:15.160 [main] INFO  calculator.Calculator - [RESULT - MIN] - 9.0
2022-04-17 18:24:15.161 [main] INFO  calculator.Calculator - [MIN OF 16.0 AND] 166.0
2022-04-17 18:24:15.161 [main] INFO  calculator.Calculator - [RESULT - MIN] - 16.0
2022-04-17 18:24:15.168 [main] INFO  calculator.Calculator - [MAX  OF 4.0 AND] 5.0
2022-04-17 18:24:15.171 [main] INFO  calculator.Calculator - [RESULT - MAX] - 5.0
2022-04-17 18:24:15.181 [main] INFO  calculator.Calculator - [MAX  OF 1.0 AND] 1.0
2022-04-17 18:24:15.201 [main] INFO  calculator.Calculator - [RESULT - MAX] - 1.0
2022-04-17 18:24:15.201 [main] INFO  calculator.Calculator - [MAX  OF 99.0 AND] 9.0
2022-04-17 18:24:15.206 [main] INFO  calculator.Calculator - [RESULT - MAX] - 99.0
2022-04-17 18:24:15.214 [main] INFO  calculator.Calculator - [MAX  OF 16.0 AND] 166.0
2022-04-17 18:24:15.215 [main] INFO  calculator.Calculator - [RESULT - MAX] - 166.0
2022-04-17 18:24:15.222 [main] INFO  calculator.Calculator - [SUM OF 4.0 AND] 5.0
2022-04-17 18:24:15.247 [main] INFO  calculator.Calculator - [RESULT - SUM] - 9.0
2022-04-17 18:24:15.253 [main] INFO  calculator.Calculator - [SUM OF 1.0 AND] 1.0
2022-04-17 18:24:15.259 [main] INFO  calculator.Calculator - [RESULT - SUM] - 2.0
2022-04-17 18:24:15.260 [main] INFO  calculator.Calculator - [SUM OF 99.0 AND] 9.0
2022-04-17 18:24:15.270 [main] INFO  calculator.Calculator - [RESULT - SUM] - 108.0
2022-04-17 18:24:15.273 [main] INFO  calculator.Calculator - [SUM OF 16.0 AND] 166.0
2022-04-17 18:24:15.281 [main] INFO  calculator.Calculator - [RESULT - SUM] - 182.0
2022-04-17 18:24:15.288 [main] INFO  calculator.Calculator - [NATURAL LOG] - 1.0
2022-04-17 18:24:15.289 [main] INFO  calculator.Calculator - [RESULT - NATURAL LOG] - 0.0
2022-04-17 18:24:15.301 [main] INFO  calculator.Calculator - [NATURAL LOG] - 1.0
2022-04-17 18:24:15.302 [main] INFO  calculator.Calculator - [RESULT - NATURAL LOG] - 0.0
2022-04-17 18:24:15.320 [main] INFO  calculator.Calculator - [MIN OF 4.0 AND] 5.0
2022-04-17 18:24:15.322 [main] INFO  calculator.Calculator - [RESULT - MIN] - 4.0
2022-04-17 18:24:15.329 [main] INFO  calculator.Calculator - [MIN OF 1.0 AND] 1.0
2022-04-17 18:24:15.329 [main] INFO  calculator.Calculator - [RESULT - MIN] - 1.0
2022-04-17 18:24:15.335 [main] INFO  calculator.Calculator - [MIN OF 99.0 AND] 9.0
2022-04-17 18:24:15.336 [main] INFO  calculator.Calculator - [RESULT - MIN] - 9.0
2022-04-17 18:24:15.346 [main] INFO  calculator.Calculator - [MIN OF 16.0 AND] 166.0
2022-04-17 18:24:15.346 [main] INFO  calculator.Calculator - [RESULT - MIN] - 16.0
2022-04-17 18:24:15.366 [main] INFO  calculator.Calculator - [POWER - 2.0 RAISED TO] 2.0
2022-04-17 18:24:15.367 [main] INFO  calculator.Calculator - [RESULT - POWER] - 4.0
2022-04-17 18:24:15.367 [main] INFO  calculator.Calculator - [POWER - 2.0 RAISED TO] 3.0
2022-04-17 18:24:15.368 [main] INFO  calculator.Calculator - [RESULT - POWER] - 8.0
2022-04-17 18:24:15.383 [main] INFO  calculator.Calculator - [POWER - 2.0 RAISED TO] 8.0
2022-04-17 18:24:15.384 [main] INFO  calculator.Calculator - [RESULT - POWER] - 256.0
2022-04-17 18:24:15.390 [main] INFO  calculator.Calculator - [POWER - 2.0 RAISED TO] 3.0
2022-04-17 18:24:15.394 [main] INFO  calculator.Calculator - [RESULT - POWER] - 8.0
2022-04-17 18:24:15.412 [main] INFO  calculator.Calculator - [SUM OF 14.0 AND] 5.0
2022-04-17 18:24:15.412 [main] INFO  calculator.Calculator - [RESULT - SUM] - 19.0
2022-04-17 18:24:15.416 [main] INFO  calculator.Calculator - [SUM OF 1.0 AND] 1.0
2022-04-17 18:24:15.429 [main] INFO  calculator.Calculator - [RESULT - SUM] - 2.0
2022-04-17 18:24:15.430 [main] INFO  calculator.Calculator - [SUM OF 99.0 AND] 9.0
2022-04-17 18:24:15.431 [main] INFO  calculator.Calculator - [RESULT - SUM] - 108.0
2022-04-17 18:24:15.431 [main] INFO  calculator.Calculator - [SUM OF 16.0 AND] 0.0
2022-04-17 18:24:15.432 [main] INFO  calculator.Calculator - [RESULT - SUM] - 16.0
2022-04-17 18:24:15.455 [main] INFO  calculator.Calculator - [POWER - 2.0 RAISED TO] 3.0
2022-04-17 18:24:15.464 [main] INFO  calculator.Calculator - [RESULT - POWER] - 8.0
2022-04-17 18:24:15.464 [main] INFO  calculator.Calculator - [POWER - 4.0 RAISED TO] 3.0
2022-04-17 18:24:15.480 [main] INFO  calculator.Calculator - [RESULT - POWER] - 64.0
2022-04-17 18:24:15.480 [main] INFO  calculator.Calculator - [POWER - 2.0 RAISED TO] 4.0
2022-04-17 18:24:15.489 [main] INFO  calculator.Calculator - [RESULT - POWER] - 16.0
2022-04-17 18:24:15.498 [main] INFO  calculator.Calculator - [POWER - 4.0 RAISED TO] 2.0
2022-04-17 18:24:15.512 [main] INFO  calculator.Calculator - [RESULT - POWER] - 16.0
2022-04-17 18:24:15.526 [main] INFO  calculator.Calculator - [NATURAL LOG] - 2.4
2022-04-17 18:24:15.528 [main] INFO  calculator.Calculator - [RESULT - NATURAL LOG] - 0.8754687373538999
2022-04-17 18:24:15.532 [main] INFO  calculator.Calculator - [NATURAL LOG] - 2.1
2022-04-17 18:24:15.535 [main] INFO  calculator.Calculator - [RESULT - NATURAL LOG] - 0.7419373447293773
2022-04-17 18:24:15.535 [main] INFO  calculator.Calculator - [NATURAL LOG] - 2.1
2022-04-17 18:24:15.536 [main] INFO  calculator.Calculator - [RESULT - NATURAL LOG] - 0.7419373447293773
2022-04-17 18:24:15.549 [main] INFO  calculator.Calculator - [NATURAL LOG] - 290.1
2022-04-17 18:24:15.550 [main] INFO  calculator.Calculator - [RESULT - NATURAL LOG] - 5.670225691127358
2022-04-17 18:24:15.567 [main] INFO  calculator.Calculator - [MAX  OF 4.0 AND] 5.0
2022-04-17 18:24:15.568 [main] INFO  calculator.Calculator - [RESULT - MAX] - 5.0
2022-04-17 18:24:15.568 [main] INFO  calculator.Calculator - [MAX  OF 1.0 AND] 1.0
2022-04-17 18:24:15.568 [main] INFO  calculator.Calculator - [RESULT - MAX] - 1.0
2022-04-17 18:24:15.569 [main] INFO  calculator.Calculator - [MAX  OF 99.0 AND] 9.0
2022-04-17 18:24:15.576 [main] INFO  calculator.Calculator - [RESULT - MAX] - 99.0
2022-04-17 18:24:15.576 [main] INFO  calculator.Calculator - [MAX  OF 16.0 AND] 166.0
2022-04-17 18:24:15.576 [main] INFO  calculator.Calculator - [RESULT - MAX] - 166.0
2022-04-17 18:24:15.593 [main] INFO  calculator.Calculator - [SQ ROOT] - 4.0
2022-04-17 18:24:15.598 [main] INFO  calculator.Calculator - [RESULT - SQ ROOT] - 2.0
2022-04-17 18:24:15.599 [main] INFO  calculator.Calculator - [SQ ROOT] - 1.0
2022-04-17 18:24:15.599 [main] INFO  calculator.Calculator - [RESULT - SQ ROOT] - 1.0
2022-04-17 18:24:15.599 [main] INFO  calculator.Calculator - [SQ ROOT] - 9.0
2022-04-17 18:24:15.599 [main] INFO  calculator.Calculator - [RESULT - SQ ROOT] - 3.0
2022-04-17 18:24:15.600 [main] INFO  calculator.Calculator - [SQ ROOT] - 16.0
2022-04-17 18:24:15.612 [main] INFO  calculator.Calculator - [RESULT - SQ ROOT] - 4.0
2022-04-30 13:52:49.893 [main] INFO  calculator.Calculator - [SQ ROOT] - 3.0
2022-04-30 13:52:49.923 [main] INFO  calculator.Calculator - [RESULT - SQ ROOT] - 1.7320508075688772
2022-04-30 13:52:49.924 [main] INFO  calculator.Calculator - [SQ ROOT] - 4.0
2022-04-30 13:52:49.932 [main] INFO  calculator.Calculator - [RESULT - SQ ROOT] - 2.0
2022-04-30 13:52:49.938 [main] INFO  calculator.Calculator - [SQ ROOT] - 30.0
2022-04-30 13:52:49.946 [main] INFO  calculator.Calculator - [RESULT - SQ ROOT] - 5.477225575051661
2022-04-30 13:52:49.953 [main] INFO  calculator.Calculator - [SQ ROOT] - 47.0
2022-04-30 13:52:49.954 [main] INFO  calculator.Calculator - [RESULT - SQ ROOT] - 6.855654600401044
2022-04-30 13:52:49.964 [main] INFO  calculator.Calculator - [MIN OF 14.0 AND] 5.0
2022-04-30 13:52:49.965 [main] INFO  calculator.Calculator - [RESULT - MIN] - 5.0
2022-04-30 13:52:49.967 [main] INFO  calculator.Calculator - [MIN OF 1.0 AND] 1.0
2022-04-30 13:52:49.977 [main] INFO  calculator.Calculator - [RESULT - MIN] - 1.0
2022-04-30 13:52:49.979 [main] INFO  calculator.Calculator - [MIN OF 99.0 AND] 9.0
2022-04-30 13:52:49.980 [main] INFO  calculator.Calculator - [RESULT - MIN] - 9.0
2022-04-30 13:52:49.985 [main] INFO  calculator.Calculator - [MIN OF 16.0 AND] 166.0
2022-04-30 13:52:49.987 [main] INFO  calculator.Calculator - [RESULT - MIN] - 16.0
2022-04-30 13:52:49.996 [main] INFO  calculator.Calculator - [MAX  OF 4.0 AND] 5.0
2022-04-30 13:52:49.998 [main] INFO  calculator.Calculator - [RESULT - MAX] - 5.0
2022-04-30 13:52:50.001 [main] INFO  calculator.Calculator - [MAX  OF 1.0 AND] 1.0
2022-04-30 13:52:50.005 [main] INFO  calculator.Calculator - [RESULT - MAX] - 1.0
2022-04-30 13:52:50.008 [main] INFO  calculator.Calculator - [MAX  OF 99.0 AND] 9.0
2022-04-30 13:52:50.015 [main] INFO  calculator.Calculator - [RESULT - MAX] - 99.0
2022-04-30 13:52:50.021 [main] INFO  calculator.Calculator - [MAX  OF 16.0 AND] 166.0
2022-04-30 13:52:50.022 [main] INFO  calculator.Calculator - [RESULT - MAX] - 166.0
2022-04-30 13:52:50.027 [main] INFO  calculator.Calculator - [SUM OF 4.0 AND] 5.0
2022-04-30 13:52:50.030 [main] INFO  calculator.Calculator - [RESULT - SUM] - 9.0
2022-04-30 13:52:50.035 [main] INFO  calculator.Calculator - [SUM OF 1.0 AND] 1.0
2022-04-30 13:52:50.037 [main] INFO  calculator.Calculator - [RESULT - SUM] - 2.0
2022-04-30 13:52:50.041 [main] INFO  calculator.Calculator - [SUM OF 99.0 AND] 9.0
2022-04-30 13:52:50.045 [main] INFO  calculator.Calculator - [RESULT - SUM] - 108.0
2022-04-30 13:52:50.048 [main] INFO  calculator.Calculator - [SUM OF 16.0 AND] 166.0
2022-04-30 13:52:50.050 [main] INFO  calculator.Calculator - [RESULT - SUM] - 182.0
2022-04-30 13:52:50.066 [main] INFO  calculator.Calculator - [NATURAL LOG] - 1.0
2022-04-30 13:52:50.069 [main] INFO  calculator.Calculator - [RESULT - NATURAL LOG] - 0.0
2022-04-30 13:52:50.071 [main] INFO  calculator.Calculator - [NATURAL LOG] - 1.0
2022-04-30 13:52:50.071 [main] INFO  calculator.Calculator - [RESULT - NATURAL LOG] - 0.0
2022-04-30 13:52:50.088 [main] INFO  calculator.Calculator - [MIN OF 4.0 AND] 5.0
2022-04-30 13:52:50.090 [main] INFO  calculator.Calculator - [RESULT - MIN] - 4.0
2022-04-30 13:52:50.091 [main] INFO  calculator.Calculator - [MIN OF 1.0 AND] 1.0
2022-04-30 13:52:50.092 [main] INFO  calculator.Calculator - [RESULT - MIN] - 1.0
2022-04-30 13:52:50.095 [main] INFO  calculator.Calculator - [MIN OF 99.0 AND] 9.0
2022-04-30 13:52:50.098 [main] INFO  calculator.Calculator - [RESULT - MIN] - 9.0
2022-04-30 13:52:50.110 [main] INFO  calculator.Calculator - [MIN OF 16.0 AND] 166.0
2022-04-30 13:52:50.113 [main] INFO  calculator.Calculator - [RESULT - MIN] - 16.0
2022-04-30 13:52:50.126 [main] INFO  calculator.Calculator - [POWER - 2.0 RAISED TO] 2.0
2022-04-30 13:52:50.135 [main] INFO  calculator.Calculator - [RESULT - POWER] - 4.0
2022-04-30 13:52:50.137 [main] INFO  calculator.Calculator - [POWER - 2.0 RAISED TO] 3.0
2022-04-30 13:52:50.148 [main] INFO  calculator.Calculator - [RESULT - POWER] - 8.0
2022-04-30 13:52:50.149 [main] INFO  calculator.Calculator - [POWER - 2.0 RAISED TO] 8.0
2022-04-30 13:52:50.150 [main] INFO  calculator.Calculator - [RESULT - POWER] - 256.0
2022-04-30 13:52:50.155 [main] INFO  calculator.Calculator - [POWER - 2.0 RAISED TO] 3.0
2022-04-30 13:52:50.157 [main] INFO  calculator.Calculator - [RESULT - POWER] - 8.0
2022-04-30 13:52:50.169 [main] INFO  calculator.Calculator - [SUM OF 14.0 AND] 5.0
2022-04-30 13:52:50.173 [main] INFO  calculator.Calculator - [RESULT - SUM] - 19.0
2022-04-30 13:52:50.173 [main] INFO  calculator.Calculator - [SUM OF 1.0 AND] 1.0
2022-04-30 13:52:50.175 [main] INFO  calculator.Calculator - [RESULT - SUM] - 2.0
2022-04-30 13:52:50.176 [main] INFO  calculator.Calculator - [SUM OF 99.0 AND] 9.0
2022-04-30 13:52:50.178 [main] INFO  calculator.Calculator - [RESULT - SUM] - 108.0
2022-04-30 13:52:50.178 [main] INFO  calculator.Calculator - [SUM OF 16.0 AND] 0.0
2022-04-30 13:52:50.179 [main] INFO  calculator.Calculator - [RESULT - SUM] - 16.0
2022-04-30 13:52:50.193 [main] INFO  calculator.Calculator - [POWER - 2.0 RAISED TO] 3.0
2022-04-30 13:52:50.195 [main] INFO  calculator.Calculator - [RESULT - POWER] - 8.0
2022-04-30 13:52:50.197 [main] INFO  calculator.Calculator - [POWER - 4.0 RAISED TO] 3.0
2022-04-30 13:52:50.199 [main] INFO  calculator.Calculator - [RESULT - POWER] - 64.0
2022-04-30 13:52:50.204 [main] INFO  calculator.Calculator - [POWER - 2.0 RAISED TO] 4.0
2022-04-30 13:52:50.214 [main] INFO  calculator.Calculator - [RESULT - POWER] - 16.0
2022-04-30 13:52:50.214 [main] INFO  calculator.Calculator - [POWER - 4.0 RAISED TO] 2.0
2022-04-30 13:52:50.214 [main] INFO  calculator.Calculator - [RESULT - POWER] - 16.0
2022-04-30 13:52:50.216 [main] INFO  calculator.Calculator - [NATURAL LOG] - 2.4
2022-04-30 13:52:50.216 [main] INFO  calculator.Calculator - [RESULT - NATURAL LOG] - 0.8754687373538999
2022-04-30 13:52:50.218 [main] INFO  calculator.Calculator - [NATURAL LOG] - 2.1
2022-04-30 13:52:50.223 [main] INFO  calculator.Calculator - [RESULT - NATURAL LOG] - 0.7419373447293773
2022-04-30 13:52:50.224 [main] INFO  calculator.Calculator - [NATURAL LOG] - 2.1
2022-04-30 13:52:50.229 [main] INFO  calculator.Calculator - [RESULT - NATURAL LOG] - 0.7419373447293773
2022-04-30 13:52:50.229 [main] INFO  calculator.Calculator - [NATURAL LOG] - 290.1
2022-04-30 13:52:50.229 [main] INFO  calculator.Calculator - [RESULT - NATURAL LOG] - 5.670225691127358
2022-04-30 13:52:50.235 [main] INFO  calculator.Calculator - [MAX  OF 4.0 AND] 5.0
2022-04-30 13:52:50.235 [main] INFO  calculator.Calculator - [RESULT - MAX] - 5.0
2022-04-30 13:52:50.235 [main] INFO  calculator.Calculator - [MAX  OF 1.0 AND] 1.0
2022-04-30 13:52:50.236 [main] INFO  calculator.Calculator - [RESULT - MAX] - 1.0
2022-04-30 13:52:50.236 [main] INFO  calculator.Calculator - [MAX  OF 99.0 AND] 9.0
2022-04-30 13:52:50.236 [main] INFO  calculator.Calculator - [RESULT - MAX] - 99.0
2022-04-30 13:52:50.236 [main] INFO  calculator.Calculator - [MAX  OF 16.0 AND] 166.0
2022-04-30 13:52:50.237 [main] INFO  calculator.Calculator - [RESULT - MAX] - 166.0
2022-04-30 13:52:50.239 [main] INFO  calculator.Calculator - [SQ ROOT] - 4.0
2022-04-30 13:52:50.239 [main] INFO  calculator.Calculator - [RESULT - SQ ROOT] - 2.0
2022-04-30 13:52:50.240 [main] INFO  calculator.Calculator - [SQ ROOT] - 1.0
2022-04-30 13:52:50.241 [main] INFO  calculator.Calculator - [RESULT - SQ ROOT] - 1.0
2022-04-30 13:52:50.248 [main] INFO  calculator.Calculator - [SQ ROOT] - 9.0
2022-04-30 13:52:50.251 [main] INFO  calculator.Calculator - [RESULT - SQ ROOT] - 3.0
2022-04-30 13:52:50.252 [main] INFO  calculator.Calculator - [SQ ROOT] - 16.0
2022-04-30 13:52:50.252 [main] INFO  calculator.Calculator - [RESULT - SQ ROOT] - 4.0
